#
# There is insufficient memory for the Java Runtime Environment to continue.
# Native memory allocation (mmap) failed to map 104857600 bytes for committing reserved memory.
# Possible reasons:
#   The system is out of physical RAM or swap space
#   In 32 bit mode, the process size limit was hit
# Possible solutions:
#   Reduce memory load on the system
#   Increase physical memory or swap space
#   Check if swap backing store is full
#   Use 64 bit Java on a 64 bit OS
#   Decrease Java heap size (-Xmx/-Xms)
#   Decrease number of Java threads
#   Decrease Java thread stack sizes (-Xss)
#   Set larger code cache with -XX:ReservedCodeCacheSize=
# This output file may be truncated or incomplete.
#
#  Out of Memory Error (os_linux.cpp:2627), pid=13928, tid=0x00007fe7706b4700
#
# JRE version: Java(TM) SE Runtime Environment (8.0_101-b13) (build 1.8.0_101-b13)
# Java VM: Java HotSpot(TM) 64-Bit Server VM (25.101-b13 mixed mode linux-amd64 compressed oops)
# Failed to write core dump. Core dumps have been disabled. To enable core dumping, try "ulimit -c unlimited" before starting Java again
#

---------------  T H R E A D  ---------------

Current thread (0x00007fe780078000):  VMThread [stack: 0x00007fe7705b4000,0x00007fe7706b5000] [id=13937]

Stack: [0x00007fe7705b4000,0x00007fe7706b5000],  sp=0x00007fe7706b3160,  free space=1020k
Native frames: (J=compiled Java code, j=interpreted, Vv=VM code, C=native code)
V  [libjvm.so+0xac3f0a]  VMError::report_and_die()+0x2ba
V  [libjvm.so+0x4fbf9b]  report_vm_out_of_memory(char const*, int, unsigned long, VMErrorType, char const*)+0x8b
V  [libjvm.so+0x9222d3]  os::Linux::commit_memory_impl(char*, unsigned long, bool)+0x103
V  [libjvm.so+0x922829]  os::pd_commit_memory(char*, unsigned long, unsigned long, bool)+0x29
V  [libjvm.so+0x91cb2a]  os::commit_memory(char*, unsigned long, unsigned long, bool)+0x2a
V  [libjvm.so+0x991053]  PSVirtualSpace::expand_by(unsigned long)+0x53
V  [libjvm.so+0x981920]  PSOldGen::expand(unsigned long)+0x170
V  [libjvm.so+0x981b2b]  PSOldGen::resize(unsigned long)+0x1cb
V  [libjvm.so+0x989821]  PSParallelCompact::invoke_no_policy(bool)+0x991
V  [libjvm.so+0x98f17d]  PSScavenge::invoke()+0x1ad
V  [libjvm.so+0x945fc0]  ParallelScavengeHeap::failed_mem_allocate(unsigned long)+0x70
V  [libjvm.so+0xac5927]  VM_ParallelGCFailedAllocation::doit()+0x97
V  [libjvm.so+0xacd405]  VM_Operation::evaluate()+0x55
V  [libjvm.so+0xacb7da]  VMThread::evaluate_operation(VM_Operation*)+0xba
V  [libjvm.so+0xacbb5e]  VMThread::loop()+0x1ce
V  [libjvm.so+0xacbfd0]  VMThread::run()+0x70
V  [libjvm.so+0x924698]  java_start(Thread*)+0x108

VM_Operation (0x00007fe769314be0): ParallelGCFailedAllocation, mode: safepoint, requested by thread 0x00007fe780147800


---------------  P R O C E S S  ---------------

Java Threads: ( => current thread )
  0x00007fe78014b800 JavaThread "pool-2-thread-4" [_thread_blocked, id=13955, stack(0x00007fe769115000,0x00007fe769216000)]
  0x00007fe780147800 JavaThread "pool-2-thread-3" [_thread_blocked, id=13954, stack(0x00007fe769216000,0x00007fe769317000)]
  0x00007fe780146000 JavaThread "pool-2-thread-2" [_thread_blocked, id=13953, stack(0x00007fe769317000,0x00007fe769418000)]
  0x00007fe78013b000 JavaThread "pool-3-thread-1" [_thread_blocked, id=13952, stack(0x00007fe769418000,0x00007fe769519000)]
  0x00007fe780138800 JavaThread "pool-2-thread-1" [_thread_blocked, id=13951, stack(0x00007fe769519000,0x00007fe76961a000)]
  0x00007fe7800c1800 JavaThread "Service Thread" daemon [_thread_blocked, id=13944, stack(0x00007fe76971b000,0x00007fe76981c000)]
  0x00007fe7800be800 JavaThread "C1 CompilerThread2" daemon [_thread_blocked, id=13943, stack(0x00007fe76981c000,0x00007fe76991d000)]
  0x00007fe7800bc800 JavaThread "C2 CompilerThread1" daemon [_thread_blocked, id=13942, stack(0x00007fe7700af000,0x00007fe7701b0000)]
  0x00007fe7800ba000 JavaThread "C2 CompilerThread0" daemon [_thread_blocked, id=13941, stack(0x00007fe7701b0000,0x00007fe7702b1000)]
  0x00007fe7800b8800 JavaThread "Signal Dispatcher" daemon [_thread_blocked, id=13940, stack(0x00007fe7702b1000,0x00007fe7703b2000)]
  0x00007fe780084000 JavaThread "Finalizer" daemon [_thread_blocked, id=13939, stack(0x00007fe7703b2000,0x00007fe7704b3000)]
  0x00007fe78007f800 JavaThread "Reference Handler" daemon [_thread_blocked, id=13938, stack(0x00007fe7704b3000,0x00007fe7705b4000)]
  0x00007fe78000a000 JavaThread "main" [_thread_blocked, id=13930, stack(0x00007fe788c6e000,0x00007fe788d6f000)]

Other Threads:
=>0x00007fe780078000 VMThread [stack: 0x00007fe7705b4000,0x00007fe7706b5000] [id=13937]
  0x00007fe7800c4000 WatcherThread [stack: 0x00007fe76961a000,0x00007fe76971b000] [id=13945]

VM state:at safepoint (normal execution)

VM Mutex/Monitor currently owned by a thread:  ([mutex/lock_event])
[0x00007fe780005ed0] ExpandHeap_lock - owner thread: 0x00007fe780078000
[0x00007fe780006550] Threads_lock - owner thread: 0x00007fe780078000
[0x00007fe780006a50] Heap_lock - owner thread: 0x00007fe780147800

Heap:
 PSYoungGen      total 245248K, used 23427K [0x00000000eab00000, 0x0000000100000000, 0x0000000100000000)
  eden space 174080K, 0% used [0x00000000eab00000,0x00000000eab00000,0x00000000f5500000)
  from space 71168K, 32% used [0x00000000f5500000,0x00000000f6be0e28,0x00000000f9a80000)
  to   space 103936K, 0% used [0x00000000f9a80000,0x00000000f9a80000,0x0000000100000000)
 ParOldGen       total 167424K, used 166932K [0x00000000c0000000, 0x00000000ca380000, 0x00000000eab00000)
  object space 167424K, 99% used [0x00000000c0000000,0x00000000ca305008,0x00000000ca380000)
 Metaspace       used 6094K, capacity 7000K, committed 7168K, reserved 1056768K
  class space    used 610K, capacity 656K, committed 768K, reserved 1048576K

Card table byte_map: [0x00007fe785821000,0x00007fe785a22000] byte_map_base: 0x00007fe785221000

Marking Bits: (ParMarkBitMap*) 0x00007fe788142120
 Begin Bits: [0x00007fe76a000000, 0x00007fe76b000000)
 End Bits:   [0x00007fe76b000000, 0x00007fe76c000000)

Polling page: 0x00007fe788d8b000

CodeCache: size=245760Kb used=6292Kb max_used=6315Kb free=239467Kb
 bounds [0x00007fe771000000, 0x00007fe771640000, 0x00007fe780000000]
 total_blobs=1768 nmethods=1501 adapters=181
 compilation: enabled

Compilation events (10 events):
Event: 19.174 Thread 0x00007fe7800be800 1726       3       com.android.dx.ssa.SsaConverter::placePhiFunctions (394 bytes)
Event: 19.183 Thread 0x00007fe7800be800 nmethod 1726 0x00007fe7716198d0 code [0x00007fe771619e40, 0x00007fe77161d1b8]
Event: 19.235 Thread 0x00007fe7800be800 1728       3       com.android.dx.ssa.SsaMethod::makeExitBlock (134 bytes)
Event: 19.237 Thread 0x00007fe7800be800 nmethod 1728 0x00007fe7715d2450 code [0x00007fe7715d26c0, 0x00007fe7715d34e8]
Event: 24.170 Thread 0x00007fe7800be800 1730 %     3       com.android.dx.util.LabeledList::<init> @ 26 (57 bytes)
Event: 24.171 Thread 0x00007fe7800be800 nmethod 1730% 0x00007fe771624d10 code [0x00007fe771624f40, 0x00007fe771625c58]
Event: 24.177 Thread 0x00007fe7800be800 1731 %     3       com.android.dx.ssa.back.IdenticalBlockCombiner::process @ 25 (323 bytes)
Event: 24.179 Thread 0x00007fe7800be800 nmethod 1731% 0x00007fe771626450 code [0x00007fe771626800, 0x00007fe771628d58]
Event: 24.180 Thread 0x00007fe7800ba000 nmethod 1700 0x00007fe77162a0d0 code [0x00007fe77162a4e0, 0x00007fe77162d490]
Event: 24.180 Thread 0x00007fe7800ba000 1711       4       com.android.dx.util.BitIntSet::merge (148 bytes)

GC Heap History (10 events):
Event: 12.394 GC heap after
Heap after GC invocations=7 (full 1):
 PSYoungGen      total 124928K, used 9613K [0x00000000eab00000, 0x00000000f5d00000, 0x0000000100000000)
  eden space 112128K, 0% used [0x00000000eab00000,0x00000000eab00000,0x00000000f1880000)
  from space 12800K, 75% used [0x00000000f3380000,0x00000000f3ce3648,0x00000000f4000000)
  to   space 27648K, 0% used [0x00000000f1880000,0x00000000f1880000,0x00000000f3380000)
 ParOldGen       total 82944K, used 42364K [0x00000000c0000000, 0x00000000c5100000, 0x00000000eab00000)
  object space 82944K, 51% used [0x00000000c0000000,0x00000000c295f1b0,0x00000000c5100000)
 Metaspace       used 6085K, capacity 7000K, committed 7168K, reserved 1056768K
  class space    used 609K, capacity 656K, committed 768K, reserved 1048576K
}
Event: 13.390 GC heap before
{Heap before GC invocations=8 (full 1):
 PSYoungGen      total 124928K, used 121741K [0x00000000eab00000, 0x00000000f5d00000, 0x0000000100000000)
  eden space 112128K, 100% used [0x00000000eab00000,0x00000000f1880000,0x00000000f1880000)
  from space 12800K, 75% used [0x00000000f3380000,0x00000000f3ce3648,0x00000000f4000000)
  to   space 27648K, 0% used [0x00000000f1880000,0x00000000f1880000,0x00000000f3380000)
 ParOldGen       total 82944K, used 42364K [0x00000000c0000000, 0x00000000c5100000, 0x00000000eab00000)
  object space 82944K, 51% used [0x00000000c0000000,0x00000000c295f1b0,0x00000000c5100000)
 Metaspace       used 6094K, capacity 7000K, committed 7168K, reserved 1056768K
  class space    used 610K, capacity 656K, committed 768K, reserved 1048576K
Event: 13.519 GC heap after
Heap after GC invocations=8 (full 1):
 PSYoungGen      total 139776K, used 27643K [0x00000000eab00000, 0x00000000fd880000, 0x0000000100000000)
  eden space 112128K, 0% used [0x00000000eab00000,0x00000000eab00000,0x00000000f1880000)
  from space 27648K, 99% used [0x00000000f1880000,0x00000000f337ee80,0x00000000f3380000)
  to   space 57856K, 0% used [0x00000000fa000000,0x00000000fa000000,0x00000000fd880000)
 ParOldGen       total 91136K, used 90632K [0x00000000c0000000, 0x00000000c5900000, 0x00000000eab00000)
  object space 91136K, 99% used [0x00000000c0000000,0x00000000c5882230,0x00000000c5900000)
 Metaspace       used 6094K, capacity 7000K, committed 7168K, reserved 1056768K
  class space    used 610K, capacity 656K, committed 768K, reserved 1048576K
}
Event: 13.519 GC heap before
{Heap before GC invocations=9 (full 2):
 PSYoungGen      total 139776K, used 27643K [0x00000000eab00000, 0x00000000fd880000, 0x0000000100000000)
  eden space 112128K, 0% used [0x00000000eab00000,0x00000000eab00000,0x00000000f1880000)
  from space 27648K, 99% used [0x00000000f1880000,0x00000000f337ee80,0x00000000f3380000)
  to   space 57856K, 0% used [0x00000000fa000000,0x00000000fa000000,0x00000000fd880000)
 ParOldGen       total 91136K, used 90632K [0x00000000c0000000, 0x00000000c5900000, 0x00000000eab00000)
  object space 91136K, 99% used [0x00000000c0000000,0x00000000c5882230,0x00000000c5900000)
 Metaspace       used 6094K, capacity 7000K, committed 7168K, reserved 1056768K
  class space    used 610K, capacity 656K, committed 768K, reserved 1048576K
Event: 14.220 GC heap after
Heap after GC invocations=9 (full 2):
 PSYoungGen      total 139776K, used 19777K [0x00000000eab00000, 0x00000000fd880000, 0x0000000100000000)
  eden space 112128K, 0% used [0x00000000eab00000,0x00000000eab00000,0x00000000f1880000)
  from space 27648K, 71% used [0x00000000f1880000,0x00000000f2bd0478,0x00000000f3380000)
  to   space 57856K, 0% used [0x00000000fa000000,0x00000000fa000000,0x00000000fd880000)
 ParOldGen       total 167424K, used 90826K [0x00000000c0000000, 0x00000000ca380000, 0x00000000eab00000)
  object space 167424K, 54% used [0x00000000c0000000,0x00000000c58b2bd8,0x00000000ca380000)
 Metaspace       used 6094K, capacity 7000K, committed 7168K, reserved 1056768K
  class space    used 610K, capacity 656K, committed 768K, reserved 1048576K
}
Event: 14.333 GC heap before
{Heap before GC invocations=10 (full 2):
 PSYoungGen      total 139776K, used 131905K [0x00000000eab00000, 0x00000000fd880000, 0x0000000100000000)
  eden space 112128K, 100% used [0x00000000eab00000,0x00000000f1880000,0x00000000f1880000)
  from space 27648K, 71% used [0x00000000f1880000,0x00000000f2bd0478,0x00000000f3380000)
  to   space 57856K, 0% used [0x00000000fa000000,0x00000000fa000000,0x00000000fd880000)
 ParOldGen       total 167424K, used 90826K [0x00000000c0000000, 0x00000000ca380000, 0x00000000eab00000)
  object space 167424K, 54% used [0x00000000c0000000,0x00000000c58b2bd8,0x00000000ca380000)
 Metaspace       used 6094K, capacity 7000K, committed 7168K, reserved 1056768K
  class space    used 610K, capacity 656K, committed 768K, reserved 1048576K
Event: 19.012 GC heap after
Heap after GC invocations=10 (full 2):
 PSYoungGen      total 231936K, used 57830K [0x00000000eab00000, 0x00000000fe000000, 0x0000000100000000)
  eden space 174080K, 0% used [0x00000000eab00000,0x00000000eab00000,0x00000000f5500000)
  from space 57856K, 99% used [0x00000000fa000000,0x00000000fd879970,0x00000000fd880000)
  to   space 71168K, 0% used [0x00000000f5500000,0x00000000f5500000,0x00000000f9a80000)
 ParOldGen       total 167424K, used 94274K [0x00000000c0000000, 0x00000000ca380000, 0x00000000eab00000)
  object space 167424K, 56% used [0x00000000c0000000,0x00000000c5c10bd8,0x00000000ca380000)
 Metaspace       used 6094K, capacity 7000K, committed 7168K, reserved 1056768K
  class space    used 610K, capacity 656K, committed 768K, reserved 1048576K
}
Event: 24.201 GC heap before
{Heap before GC invocations=11 (full 2):
 PSYoungGen      total 231936K, used 231910K [0x00000000eab00000, 0x00000000fe000000, 0x0000000100000000)
  eden space 174080K, 100% used [0x00000000eab00000,0x00000000f5500000,0x00000000f5500000)
  from space 57856K, 99% used [0x00000000fa000000,0x00000000fd879970,0x00000000fd880000)
  to   space 71168K, 0% used [0x00000000f5500000,0x00000000f5500000,0x00000000f9a80000)
 ParOldGen       total 167424K, used 94274K [0x00000000c0000000, 0x00000000ca380000, 0x00000000eab00000)
  object space 167424K, 56% used [0x00000000c0000000,0x00000000c5c10bd8,0x00000000ca380000)
 Metaspace       used 6094K, capacity 7000K, committed 7168K, reserved 1056768K
  class space    used 610K, capacity 656K, committed 768K, reserved 1048576K
Event: 41.896 GC heap after
Heap after GC invocations=11 (full 2):
 PSYoungGen      total 245248K, used 71160K [0x00000000eab00000, 0x0000000100000000, 0x0000000100000000)
  eden space 174080K, 0% used [0x00000000eab00000,0x00000000eab00000,0x00000000f5500000)
  from space 71168K, 99% used [0x00000000f5500000,0x00000000f9a7e2d8,0x00000000f9a80000)
  to   space 103936K, 0% used [0x00000000f9a80000,0x00000000f9a80000,0x0000000100000000)
 ParOldGen       total 167424K, used 163940K [0x00000000c0000000, 0x00000000ca380000, 0x00000000eab00000)
  object space 167424K, 97% used [0x00000000c0000000,0x00000000ca0191e8,0x00000000ca380000)
 Metaspace       used 6094K, capacity 7000K, committed 7168K, reserved 1056768K
  class space    used 610K, capacity 656K, committed 768K, reserved 1048576K
}
Event: 41.896 GC heap before
{Heap before GC invocations=12 (full 3):
 PSYoungGen      total 245248K, used 71160K [0x00000000eab00000, 0x0000000100000000, 0x0000000100000000)
  eden space 174080K, 0% used [0x00000000eab00000,0x00000000eab00000,0x00000000f5500000)
  from space 71168K, 99% used [0x00000000f5500000,0x00000000f9a7e2d8,0x00000000f9a80000)
  to   space 103936K, 0% used [0x00000000f9a80000,0x00000000f9a80000,0x0000000100000000)
 ParOldGen       total 167424K, used 163940K [0x00000000c0000000, 0x00000000ca380000, 0x00000000eab00000)
  object space 167424K, 97% used [0x00000000c0000000,0x00000000ca0191e8,0x00000000ca380000)
 Metaspace       used 6094K, capacity 7000K, committed 7168K, reserved 1056768K
  class space    used 610K, capacity 656K, committed 768K, reserved 1048576K

Deoptimization events (10 events):
Event: 4.119 Thread 0x00007fe780138800 Uncommon trap: reason=unstable_if action=reinterpret pc=0x00007fe7712f30fc method=com.android.dx.ssa.SsaMethod.updateOneDefinition(Lcom/android/dx/ssa/SsaInsn;Lcom/android/dx/rop/code/RegisterSpec;)V @ 4
Event: 5.633 Thread 0x00007fe780138800 Uncommon trap: reason=unstable_if action=reinterpret pc=0x00007fe7712a7194 method=java.util.HashMap.putVal(ILjava/lang/Object;Ljava/lang/Object;ZZ)Ljava/lang/Object; @ 162
Event: 5.711 Thread 0x00007fe780138800 Uncommon trap: reason=unstable_if action=reinterpret pc=0x00007fe771353a6c method=java.util.HashMap.getNode(ILjava/lang/Object;)Ljava/util/HashMap$Node; @ 84
Event: 6.550 Thread 0x00007fe780146000 Uncommon trap: reason=unstable_if action=reinterpret pc=0x00007fe7714fca78 method=java.util.HashMap.putVal(ILjava/lang/Object;Ljava/lang/Object;ZZ)Ljava/lang/Object; @ 109
Event: 13.216 Thread 0x00007fe78014b800 Uncommon trap: reason=unstable_if action=reinterpret pc=0x00007fe7712f777c method=com.android.dx.ssa.SetFactory.makeLivenessSet(I)Lcom/android/dx/util/IntSet; @ 4
Event: 13.216 Thread 0x00007fe78014b800 Uncommon trap: reason=unstable_if action=reinterpret pc=0x00007fe77130ffcc method=com.android.dx.ssa.SetFactory.makeLivenessSet(I)Lcom/android/dx/util/IntSet; @ 4
Event: 13.231 Thread 0x00007fe78014b800 Uncommon trap: reason=class_check action=maybe_recompile pc=0x00007fe7712d9428 method=com.android.dx.ssa.back.InterferenceGraph.add(II)V @ 19
Event: 13.231 Thread 0x00007fe78014b800 Uncommon trap: reason=class_check action=maybe_recompile pc=0x00007fe7712d9428 method=com.android.dx.ssa.back.InterferenceGraph.add(II)V @ 19
Event: 13.231 Thread 0x00007fe78014b800 Uncommon trap: reason=class_check action=maybe_recompile pc=0x00007fe7712d9428 method=com.android.dx.ssa.back.InterferenceGraph.add(II)V @ 19
Event: 13.231 Thread 0x00007fe78014b800 Uncommon trap: reason=class_check action=maybe_recompile pc=0x00007fe7712d9428 method=com.android.dx.ssa.back.InterferenceGraph.add(II)V @ 19

Internal exceptions (5 events):
Event: 0.161 Thread 0x00007fe78000a000 Exception <a 'java/lang/NoSuchMethodError': Method sun.misc.Unsafe.defineClass(Ljava/lang/String;[BII)Ljava/lang/Class; name or signature does not match> (0x00000000eab07cc0) thrown at [/HUDSON3/workspace/8-2-build-linux-amd64/jdk8u101/7261/hotspot/src/sh
Event: 0.161 Thread 0x00007fe78000a000 Exception <a 'java/lang/NoSuchMethodError': Method sun.misc.Unsafe.prefetchRead(Ljava/lang/Object;J)V name or signature does not match> (0x00000000eab07fa8) thrown at [/HUDSON3/workspace/8-2-build-linux-amd64/jdk8u101/7261/hotspot/src/share/vm/prims/jni.c
Event: 5.680 Thread 0x00007fe780138800 Exception <a 'java/lang/ArrayIndexOutOfBoundsException': 18> (0x00000000ee2a98f8) thrown at [/HUDSON3/workspace/8-2-build-linux-amd64/jdk8u101/7261/hotspot/src/share/vm/interpreter/interpreterRuntime.cpp, line 366]
Event: 5.680 Thread 0x00007fe780138800 Exception <a 'java/lang/ArrayIndexOutOfBoundsException': 145> (0x00000000ee2ab478) thrown at [/HUDSON3/workspace/8-2-build-linux-amd64/jdk8u101/7261/hotspot/src/share/vm/interpreter/interpreterRuntime.cpp, line 366]
Event: 5.681 Thread 0x00007fe780138800 Exception <a 'java/lang/ArrayIndexOutOfBoundsException': 40> (0x00000000ee2ac760) thrown at [/HUDSON3/workspace/8-2-build-linux-amd64/jdk8u101/7261/hotspot/src/share/vm/interpreter/interpreterRuntime.cpp, line 366]

Events (10 events):
Event: 19.148 Thread 0x00007fe78000a000 DEOPT UNPACKING pc=0x00007fe771047633 sp=0x00007fe788d6c4f8 mode 0
Event: 19.157 Thread 0x00007fe78000a000 DEOPT PACKING pc=0x00007fe7714a6d16 sp=0x00007fe788d6c810
Event: 19.157 Thread 0x00007fe78000a000 DEOPT UNPACKING pc=0x00007fe771047633 sp=0x00007fe788d6c640 mode 0
Event: 19.162 Thread 0x00007fe78000a000 DEOPT PACKING pc=0x00007fe77157cd18 sp=0x00007fe788d6c720
Event: 19.162 Thread 0x00007fe78000a000 DEOPT UNPACKING pc=0x00007fe771047633 sp=0x00007fe788d6c4a8 mode 0
Event: 19.237 Thread 0x00007fe78000a000 DEOPT PACKING pc=0x00007fe77148718f sp=0x00007fe788d6c940
Event: 19.237 Thread 0x00007fe78000a000 DEOPT UNPACKING pc=0x00007fe771047633 sp=0x00007fe788d6c728 mode 0
Event: 24.188 Thread 0x00007fe78014b800 DEOPT PACKING pc=0x00007fe77135b96c sp=0x00007fe7692141e0
Event: 24.188 Thread 0x00007fe78014b800 DEOPT UNPACKING pc=0x00007fe771047633 sp=0x00007fe769213ee0 mode 0
Event: 24.200 Executing VM operation: ParallelGCFailedAllocation


Dynamic libraries:
00400000-00401000 r-xp 00000000 08:05 29627769                           /usr/lib/jvm/java-8-oracle/bin/java
00600000-00601000 rw-p 00000000 08:05 29627769                           /usr/lib/jvm/java-8-oracle/bin/java
00897000-008b8000 rw-p 00000000 00:00 0                                  [heap]
c0000000-ca380000 rw-p 00000000 00:00 0 
d0780000-eab00000 ---p 00000000 00:00 0 
eab00000-100000000 rw-p 00000000 00:00 0 
100000000-1000c0000 rw-p 00000000 00:00 0 
1000c0000-140000000 ---p 00000000 00:00 0 
7fe71c000000-7fe71c021000 rw-p 00000000 00:00 0 
7fe71c021000-7fe720000000 ---p 00000000 00:00 0 
7fe724000000-7fe72403d000 rw-p 00000000 00:00 0 
7fe72403d000-7fe728000000 ---p 00000000 00:00 0 
7fe728000000-7fe728021000 rw-p 00000000 00:00 0 
7fe728021000-7fe72c000000 ---p 00000000 00:00 0 
7fe72c000000-7fe72c046000 rw-p 00000000 00:00 0 
7fe72c046000-7fe730000000 ---p 00000000 00:00 0 
7fe730000000-7fe730021000 rw-p 00000000 00:00 0 
7fe730021000-7fe734000000 ---p 00000000 00:00 0 
7fe734000000-7fe734021000 rw-p 00000000 00:00 0 
7fe734021000-7fe738000000 ---p 00000000 00:00 0 
7fe738000000-7fe738021000 rw-p 00000000 00:00 0 
7fe738021000-7fe73c000000 ---p 00000000 00:00 0 
7fe73c000000-7fe73ca5d000 rw-p 00000000 00:00 0 
7fe73ca5d000-7fe740000000 ---p 00000000 00:00 0 
7fe740000000-7fe740c01000 rw-p 00000000 00:00 0 
7fe740c01000-7fe744000000 ---p 00000000 00:00 0 
7fe744000000-7fe744021000 rw-p 00000000 00:00 0 
7fe744021000-7fe748000000 ---p 00000000 00:00 0 
7fe748000000-7fe749311000 rw-p 00000000 00:00 0 
7fe749311000-7fe74c000000 ---p 00000000 00:00 0 
7fe74c000000-7fe74c021000 rw-p 00000000 00:00 0 
7fe74c021000-7fe750000000 ---p 00000000 00:00 0 
7fe750000000-7fe750021000 rw-p 00000000 00:00 0 
7fe750021000-7fe754000000 ---p 00000000 00:00 0 
7fe754000000-7fe754021000 rw-p 00000000 00:00 0 
7fe754021000-7fe758000000 ---p 00000000 00:00 0 
7fe758000000-7fe75828e000 rw-p 00000000 00:00 0 
7fe75828e000-7fe75c000000 ---p 00000000 00:00 0 
7fe75c000000-7fe75c021000 rw-p 00000000 00:00 0 
7fe75c021000-7fe760000000 ---p 00000000 00:00 0 
7fe764000000-7fe764021000 rw-p 00000000 00:00 0 
7fe764021000-7fe768000000 ---p 00000000 00:00 0 
7fe769115000-7fe769118000 ---p 00000000 00:00 0 
7fe769118000-7fe769216000 rw-p 00000000 00:00 0                          [stack:13955]
7fe769216000-7fe769219000 ---p 00000000 00:00 0 
7fe769219000-7fe769317000 rw-p 00000000 00:00 0                          [stack:13954]
7fe769317000-7fe76931a000 ---p 00000000 00:00 0 
7fe76931a000-7fe769418000 rw-p 00000000 00:00 0                          [stack:13953]
7fe769418000-7fe76941b000 ---p 00000000 00:00 0 
7fe76941b000-7fe769519000 rw-p 00000000 00:00 0                          [stack:13952]
7fe769519000-7fe76951c000 ---p 00000000 00:00 0 
7fe76951c000-7fe76961a000 rw-p 00000000 00:00 0                          [stack:13951]
7fe76961a000-7fe76961b000 ---p 00000000 00:00 0 
7fe76961b000-7fe76971b000 rw-p 00000000 00:00 0                          [stack:13945]
7fe76971b000-7fe76971e000 ---p 00000000 00:00 0 
7fe76971e000-7fe76981c000 rw-p 00000000 00:00 0                          [stack:13944]
7fe76981c000-7fe76981f000 ---p 00000000 00:00 0 
7fe76981f000-7fe76991d000 rw-p 00000000 00:00 0                          [stack:13943]
7fe76991d000-7fe76a000000 r--p 00000000 08:05 29235794                   /usr/lib/locale/locale-archive
7fe76a000000-7fe76c000000 rw-p 00000000 00:00 0 
7fe76c000000-7fe76c021000 rw-p 00000000 00:00 0 
7fe76c021000-7fe770000000 ---p 00000000 00:00 0 
7fe77009e000-7fe7700af000 r--s 000bc000 08:05 28574927                   /home/tal/Documents/Workspace/mymovies_tal/app/build/intermediates/exploded-aar/com.google.android.gms/play-services-ads/9.4.0/jars/classes.jar
7fe7700af000-7fe7700b2000 ---p 00000000 00:00 0 
7fe7700b2000-7fe7701b0000 rw-p 00000000 00:00 0                          [stack:13942]
7fe7701b0000-7fe7701b3000 ---p 00000000 00:00 0 
7fe7701b3000-7fe7702b1000 rw-p 00000000 00:00 0                          [stack:13941]
7fe7702b1000-7fe7702b4000 ---p 00000000 00:00 0 
7fe7702b4000-7fe7703b2000 rw-p 00000000 00:00 0                          [stack:13940]
7fe7703b2000-7fe7703b5000 ---p 00000000 00:00 0 
7fe7703b5000-7fe7704b3000 rw-p 00000000 00:00 0                          [stack:13939]
7fe7704b3000-7fe7704b6000 ---p 00000000 00:00 0 
7fe7704b6000-7fe7705b4000 rw-p 00000000 00:00 0                          [stack:13938]
7fe7705b4000-7fe7705b5000 ---p 00000000 00:00 0 
7fe7705b5000-7fe771000000 rw-p 00000000 00:00 0                          [stack:13937]
7fe771000000-7fe771640000 rwxp 00000000 00:00 0 
7fe771640000-7fe780000000 ---p 00000000 00:00 0 
7fe780000000-7fe780396000 rw-p 00000000 00:00 0 
7fe780396000-7fe784000000 ---p 00000000 00:00 0 
7fe784002000-7fe784678000 rw-p 00000000 00:00 0 
7fe784678000-7fe784851000 r--s 03d29000 08:05 29235316                   /usr/lib/jvm/java-8-oracle/jre/lib/rt.jar
7fe784851000-7fe784f07000 rw-p 00000000 00:00 0 
7fe784f07000-7fe7850c7000 ---p 00000000 00:00 0 
7fe7850c7000-7fe7852c7000 rw-p 00000000 00:00 0 
7fe7852c7000-7fe7852c8000 ---p 00000000 00:00 0 
7fe7852c8000-7fe7853c8000 rw-p 00000000 00:00 0                          [stack:13936]
7fe7853c8000-7fe7853c9000 ---p 00000000 00:00 0 
7fe7853c9000-7fe7854c9000 rw-p 00000000 00:00 0                          [stack:13935]
7fe7854c9000-7fe7854ca000 ---p 00000000 00:00 0 
7fe7854ca000-7fe7855ca000 rw-p 00000000 00:00 0                          [stack:13934]
7fe7855ca000-7fe7855cb000 ---p 00000000 00:00 0 
7fe7855cb000-7fe78571d000 rw-p 00000000 00:00 0                          [stack:13933]
7fe78571d000-7fe785821000 ---p 00000000 00:00 0 
7fe785821000-7fe785873000 rw-p 00000000 00:00 0 
7fe785873000-7fe785976000 ---p 00000000 00:00 0 
7fe785976000-7fe785a21000 rw-p 00000000 00:00 0 
7fe785a21000-7fe785a3b000 rw-p 00000000 00:00 0 
7fe785a3b000-7fe785de2000 ---p 00000000 00:00 0 
7fe785de2000-7fe785dfc000 r-xp 00000000 08:05 29360201                   /usr/lib/jvm/java-8-oracle/jre/lib/amd64/libzip.so
7fe785dfc000-7fe785ffc000 ---p 0001a000 08:05 29360201                   /usr/lib/jvm/java-8-oracle/jre/lib/amd64/libzip.so
7fe785ffc000-7fe785ffd000 rw-p 0001a000 08:05 29360201                   /usr/lib/jvm/java-8-oracle/jre/lib/amd64/libzip.so
7fe785ffd000-7fe786007000 r-xp 00000000 08:05 15728744                   /lib/x86_64-linux-gnu/libnss_files-2.19.so
7fe786007000-7fe786206000 ---p 0000a000 08:05 15728744                   /lib/x86_64-linux-gnu/libnss_files-2.19.so
7fe786206000-7fe786207000 r--p 00009000 08:05 15728744                   /lib/x86_64-linux-gnu/libnss_files-2.19.so
7fe786207000-7fe786208000 rw-p 0000a000 08:05 15728744                   /lib/x86_64-linux-gnu/libnss_files-2.19.so
7fe786208000-7fe786213000 r-xp 00000000 08:05 15728736                   /lib/x86_64-linux-gnu/libnss_nis-2.19.so
7fe786213000-7fe786412000 ---p 0000b000 08:05 15728736                   /lib/x86_64-linux-gnu/libnss_nis-2.19.so
7fe786412000-7fe786413000 r--p 0000a000 08:05 15728736                   /lib/x86_64-linux-gnu/libnss_nis-2.19.so
7fe786413000-7fe786414000 rw-p 0000b000 08:05 15728736                   /lib/x86_64-linux-gnu/libnss_nis-2.19.so
7fe786414000-7fe78642b000 r-xp 00000000 08:05 15728732                   /lib/x86_64-linux-gnu/libnsl-2.19.so
7fe78642b000-7fe78662a000 ---p 00017000 08:05 15728732                   /lib/x86_64-linux-gnu/libnsl-2.19.so
7fe78662a000-7fe78662b000 r--p 00016000 08:05 15728732                   /lib/x86_64-linux-gnu/libnsl-2.19.so
7fe78662b000-7fe78662c000 rw-p 00017000 08:05 15728732                   /lib/x86_64-linux-gnu/libnsl-2.19.so
7fe78662c000-7fe78662e000 rw-p 00000000 00:00 0 
7fe78662e000-7fe786637000 r-xp 00000000 08:05 15728731                   /lib/x86_64-linux-gnu/libnss_compat-2.19.so
7fe786637000-7fe786836000 ---p 00009000 08:05 15728731                   /lib/x86_64-linux-gnu/libnss_compat-2.19.so
7fe786836000-7fe786837000 r--p 00008000 08:05 15728731                   /lib/x86_64-linux-gnu/libnss_compat-2.19.so
7fe786837000-7fe786838000 rw-p 00009000 08:05 15728731                   /lib/x86_64-linux-gnu/libnss_compat-2.19.so
7fe786838000-7fe786862000 r-xp 00000000 08:05 29360207                   /usr/lib/jvm/java-8-oracle/jre/lib/amd64/libjava.so
7fe786862000-7fe786a62000 ---p 0002a000 08:05 29360207                   /usr/lib/jvm/java-8-oracle/jre/lib/amd64/libjava.so
7fe786a62000-7fe786a64000 rw-p 0002a000 08:05 29360207                   /usr/lib/jvm/java-8-oracle/jre/lib/amd64/libjava.so
7fe786a64000-7fe786a71000 r-xp 00000000 08:05 29360189                   /usr/lib/jvm/java-8-oracle/jre/lib/amd64/libverify.so
7fe786a71000-7fe786c71000 ---p 0000d000 08:05 29360189                   /usr/lib/jvm/java-8-oracle/jre/lib/amd64/libverify.so
7fe786c71000-7fe786c73000 rw-p 0000d000 08:05 29360189                   /usr/lib/jvm/java-8-oracle/jre/lib/amd64/libverify.so
7fe786c73000-7fe786c7a000 r-xp 00000000 08:05 15728740                   /lib/x86_64-linux-gnu/librt-2.19.so
7fe786c7a000-7fe786e79000 ---p 00007000 08:05 15728740                   /lib/x86_64-linux-gnu/librt-2.19.so
7fe786e79000-7fe786e7a000 r--p 00006000 08:05 15728740                   /lib/x86_64-linux-gnu/librt-2.19.so
7fe786e7a000-7fe786e7b000 rw-p 00007000 08:05 15728740                   /lib/x86_64-linux-gnu/librt-2.19.so
7fe786e7b000-7fe786f80000 r-xp 00000000 08:05 15728666                   /lib/x86_64-linux-gnu/libm-2.19.so
7fe786f80000-7fe78717f000 ---p 00105000 08:05 15728666                   /lib/x86_64-linux-gnu/libm-2.19.so
7fe78717f000-7fe787180000 r--p 00104000 08:05 15728666                   /lib/x86_64-linux-gnu/libm-2.19.so
7fe787180000-7fe787181000 rw-p 00105000 08:05 15728666                   /lib/x86_64-linux-gnu/libm-2.19.so
7fe787181000-7fe787e4c000 r-xp 00000000 08:05 29360211                   /usr/lib/jvm/java-8-oracle/jre/lib/amd64/server/libjvm.so
7fe787e4c000-7fe78804b000 ---p 00ccb000 08:05 29360211                   /usr/lib/jvm/java-8-oracle/jre/lib/amd64/server/libjvm.so
7fe78804b000-7fe788124000 rw-p 00cca000 08:05 29360211                   /usr/lib/jvm/java-8-oracle/jre/lib/amd64/server/libjvm.so
7fe788124000-7fe78816f000 rw-p 00000000 00:00 0 
7fe78816f000-7fe788329000 r-xp 00000000 08:05 15728741                   /lib/x86_64-linux-gnu/libc-2.19.so
7fe788329000-7fe788529000 ---p 001ba000 08:05 15728741                   /lib/x86_64-linux-gnu/libc-2.19.so
7fe788529000-7fe78852d000 r--p 001ba000 08:05 15728741                   /lib/x86_64-linux-gnu/libc-2.19.so
7fe78852d000-7fe78852f000 rw-p 001be000 08:05 15728741                   /lib/x86_64-linux-gnu/libc-2.19.so
7fe78852f000-7fe788534000 rw-p 00000000 00:00 0 
7fe788534000-7fe788537000 r-xp 00000000 08:05 15728670                   /lib/x86_64-linux-gnu/libdl-2.19.so
7fe788537000-7fe788736000 ---p 00003000 08:05 15728670                   /lib/x86_64-linux-gnu/libdl-2.19.so
7fe788736000-7fe788737000 r--p 00002000 08:05 15728670                   /lib/x86_64-linux-gnu/libdl-2.19.so
7fe788737000-7fe788738000 rw-p 00003000 08:05 15728670                   /lib/x86_64-linux-gnu/libdl-2.19.so
7fe788738000-7fe78874d000 r-xp 00000000 08:05 30017942                   /usr/lib/jvm/java-8-oracle/lib/amd64/jli/libjli.so
7fe78874d000-7fe78894d000 ---p 00015000 08:05 30017942                   /usr/lib/jvm/java-8-oracle/lib/amd64/jli/libjli.so
7fe78894d000-7fe78894e000 rw-p 00015000 08:05 30017942                   /usr/lib/jvm/java-8-oracle/lib/amd64/jli/libjli.so
7fe78894e000-7fe788967000 r-xp 00000000 08:05 15728733                   /lib/x86_64-linux-gnu/libpthread-2.19.so
7fe788967000-7fe788b66000 ---p 00019000 08:05 15728733                   /lib/x86_64-linux-gnu/libpthread-2.19.so
7fe788b66000-7fe788b67000 r--p 00018000 08:05 15728733                   /lib/x86_64-linux-gnu/libpthread-2.19.so
7fe788b67000-7fe788b68000 rw-p 00019000 08:05 15728733                   /lib/x86_64-linux-gnu/libpthread-2.19.so
7fe788b68000-7fe788b6c000 rw-p 00000000 00:00 0 
7fe788b6c000-7fe788b8f000 r-xp 00000000 08:05 15728734                   /lib/x86_64-linux-gnu/ld-2.19.so
7fe788b94000-7fe788c6e000 rw-p 00000000 00:00 0 
7fe788c6e000-7fe788c71000 ---p 00000000 00:00 0 
7fe788c71000-7fe788d73000 rw-p 00000000 00:00 0                          [stack:13930]
7fe788d73000-7fe788d82000 r--s 000df000 08:05 27526951                   /home/tal/Android/Sdk/build-tools/23.0.2/lib/dx.jar
7fe788d82000-7fe788d8a000 rw-s 00000000 08:05 14418175                   /tmp/hsperfdata_tal/13928
7fe788d8a000-7fe788d8b000 rw-p 00000000 00:00 0 
7fe788d8b000-7fe788d8c000 ---p 00000000 00:00 0 
7fe788d8c000-7fe788d8e000 rw-p 00000000 00:00 0 
7fe788d8e000-7fe788d8f000 r--p 00022000 08:05 15728734                   /lib/x86_64-linux-gnu/ld-2.19.so
7fe788d8f000-7fe788d90000 rw-p 00023000 08:05 15728734                   /lib/x86_64-linux-gnu/ld-2.19.so
7fe788d90000-7fe788d91000 rw-p 00000000 00:00 0 
7fff8c476000-7fff8c497000 rw-p 00000000 00:00 0                          [stack]
7fff8c527000-7fff8c529000 r-xp 00000000 00:00 0                          [vdso]
ffffffffff600000-ffffffffff601000 r-xp 00000000 00:00 0                  [vsyscall]

VM Arguments:
jvm_args: -Djava.awt.headless=true -Xmx1024M -Dfile.encoding=UTF-8 -Duser.country=US -Duser.language=en -Duser.variant 
java_command: com.android.dx.command.Main --dex --force-jumbo --num-threads=4 --multi-dex --output /home/tal/Documents/Workspace/mymovies_tal/app/build/intermediates/transforms/dex/debug/folders/1000/10/com.google.android.gms-play-services-ads-9.4.0_feec5f9176d86f85e1528ba7deabd358b884f2b9 /home/tal/Documents/Workspace/mymovies_tal/app/build/intermediates/exploded-aar/com.google.android.gms/play-services-ads/9.4.0/jars/classes.jar
java_class_path (initial): /home/tal/Android/Sdk/build-tools/23.0.2/lib/dx.jar
Launcher Type: SUN_STANDARD

Environment Variables:
JAVA_HOME=/usr/lib/jvm/java-8-oracle
PATH=/usr/local/sbin:/usr/local/bin:/usr/sbin:/usr/bin:/sbin:/bin:/usr/games:/usr/local/games:/usr/lib/jvm/java-8-oracle/bin:/usr/lib/jvm/java-8-oracle/db/bin:/usr/lib/jvm/java-8-oracle/jre/bin
SHELL=/bin/bash
DISPLAY=:0

Signal Handlers:
SIGSEGV: [libjvm.so+0xac4790], sa_mask[0]=11111111011111111101111111111110, sa_flags=SA_RESTART|SA_SIGINFO
SIGBUS: [libjvm.so+0xac4790], sa_mask[0]=11111111011111111101111111111110, sa_flags=SA_RESTART|SA_SIGINFO
SIGFPE: [libjvm.so+0x91f140], sa_mask[0]=11111111011111111101111111111110, sa_flags=SA_RESTART|SA_SIGINFO
SIGPIPE: [libjvm.so+0x91f140], sa_mask[0]=11111111011111111101111111111110, sa_flags=SA_RESTART|SA_SIGINFO
SIGXFSZ: [libjvm.so+0x91f140], sa_mask[0]=11111111011111111101111111111110, sa_flags=SA_RESTART|SA_SIGINFO
SIGILL: [libjvm.so+0x91f140], sa_mask[0]=11111111011111111101111111111110, sa_flags=SA_RESTART|SA_SIGINFO
SIGUSR1: SIG_DFL, sa_mask[0]=00000000000000000000000000000000, sa_flags=none
SIGUSR2: [libjvm.so+0x920770], sa_mask[0]=00100000000000000000000000000000, sa_flags=SA_RESTART|SA_SIGINFO
SIGHUP: [libjvm.so+0x921b70], sa_mask[0]=11111111011111111101111111111110, sa_flags=SA_RESTART|SA_SIGINFO
SIGINT: [libjvm.so+0x921b70], sa_mask[0]=11111111011111111101111111111110, sa_flags=SA_RESTART|SA_SIGINFO
SIGTERM: [libjvm.so+0x921b70], sa_mask[0]=11111111011111111101111111111110, sa_flags=SA_RESTART|SA_SIGINFO
SIGQUIT: [libjvm.so+0x921b70], sa_mask[0]=11111111011111111101111111111110, sa_flags=SA_RESTART|SA_SIGINFO


---------------  S Y S T E M  ---------------

OS:DISTRIB_ID=Ubuntu
DISTRIB_RELEASE=14.04
DISTRIB_CODENAME=trusty
DISTRIB_DESCRIPTION="Ubuntu 14.04.1 LTS"

uname:Linux 3.13.0-32-generic #57-Ubuntu SMP Tue Jul 15 03:51:08 UTC 2014 x86_64
libc:glibc 2.19 NPTL 2.19 
rlimit: STACK 8192k, CORE 0k, NPROC 30718, NOFILE 4096, AS infinity
load average:19.49 9.66 4.51

/proc/meminfo:
MemTotal:        3953588 kB
MemFree:          107968 kB
Buffers:             424 kB
Cached:           618736 kB
SwapCached:        16984 kB
Active:          2641676 kB
Inactive:         988404 kB
Active(anon):    2631212 kB
Inactive(anon):   969488 kB
Active(file):      10464 kB
Inactive(file):    18916 kB
Unevictable:          48 kB
Mlocked:              48 kB
SwapTotal:       1951740 kB
SwapFree:             72 kB
Dirty:               200 kB
Writeback:             0 kB
AnonPages:       2994808 kB
Mapped:           137368 kB
Shmem:            589828 kB
Slab:              71168 kB
SReclaimable:      33228 kB
SUnreclaim:        37940 kB
KernelStack:        5040 kB
PageTables:        65572 kB
NFS_Unstable:          0 kB
Bounce:                0 kB
WritebackTmp:          0 kB
CommitLimit:     3928532 kB
Committed_AS:   29292452 kB
VmallocTotal:   34359738367 kB
VmallocUsed:      402596 kB
VmallocChunk:   34359326204 kB
HardwareCorrupted:     0 kB
AnonHugePages:    704512 kB
HugePages_Total:       0
HugePages_Free:        0
HugePages_Rsvd:        0
HugePages_Surp:        0
Hugepagesize:       2048 kB
DirectMap4k:       88236 kB
DirectMap2M:     2963456 kB
DirectMap1G:     1048576 kB


CPU:total 4 (2 cores per cpu, 2 threads per core) family 6 model 69 stepping 1, cmov, cx8, fxsr, mmx, sse, sse2, sse3, ssse3, sse4.1, sse4.2, popcnt, avx, avx2, aes, clmul, erms, lzcnt, ht, tsc, tscinvbit, bmi1, bmi2

/proc/cpuinfo:
processor	: 0
vendor_id	: GenuineIntel
cpu family	: 6
model		: 69
model name	: Intel(R) Core(TM) i5-4210U CPU @ 1.70GHz
stepping	: 1
microcode	: 0x17
cpu MHz		: 1700.000
cache size	: 3072 KB
physical id	: 0
siblings	: 4
core id		: 0
cpu cores	: 2
apicid		: 0
initial apicid	: 0
fpu		: yes
fpu_exception	: yes
cpuid level	: 13
wp		: yes
flags		: fpu vme de pse tsc msr pae mce cx8 apic sep mtrr pge mca cmov pat pse36 clflush dts acpi mmx fxsr sse sse2 ss ht tm pbe syscall nx pdpe1gb rdtscp lm constant_tsc arch_perfmon pebs bts rep_good nopl xtopology nonstop_tsc aperfmperf eagerfpu pni pclmulqdq dtes64 monitor ds_cpl vmx est tm2 ssse3 fma cx16 xtpr pdcm pcid sse4_1 sse4_2 movbe popcnt tsc_deadline_timer aes xsave avx f16c rdrand lahf_lm abm ida arat epb xsaveopt pln pts dtherm tpr_shadow vnmi flexpriority ept vpid fsgsbase tsc_adjust bmi1 avx2 smep bmi2 erms invpcid
bogomips	: 4788.95
clflush size	: 64
cache_alignment	: 64
address sizes	: 39 bits physical, 48 bits virtual
power management:

processor	: 1
vendor_id	: GenuineIntel
cpu family	: 6
model		: 69
model name	: Intel(R) Core(TM) i5-4210U CPU @ 1.70GHz
stepping	: 1
microcode	: 0x17
cpu MHz		: 768.000
cache size	: 3072 KB
physical id	: 0
siblings	: 4
core id		: 0
cpu cores	: 2
apicid		: 1
initial apicid	: 1
fpu		: yes
fpu_exception	: yes
cpuid level	: 13
wp		: yes
flags		: fpu vme de pse tsc msr pae mce cx8 apic sep mtrr pge mca cmov pat pse36 clflush dts acpi mmx fxsr sse sse2 ss ht tm pbe syscall nx pdpe1gb rdtscp lm constant_tsc arch_perfmon pebs bts rep_good nopl xtopology nonstop_tsc aperfmperf eagerfpu pni pclmulqdq dtes64 monitor ds_cpl vmx est tm2 ssse3 fma cx16 xtpr pdcm pcid sse4_1 sse4_2 movbe popcnt tsc_deadline_timer aes xsave avx f16c rdrand lahf_lm abm ida arat epb xsaveopt pln pts dtherm tpr_shadow vnmi flexpriority ept vpid fsgsbase tsc_adjust bmi1 avx2 smep bmi2 erms invpcid
bogomips	: 4788.95
clflush size	: 64
cache_alignment	: 64
address sizes	: 39 bits physical, 48 bits virtual
power management:

processor	: 2
vendor_id	: GenuineIntel
cpu family	: 6
model		: 69
model name	: Intel(R) Core(TM) i5-4210U CPU @ 1.70GHz
stepping	: 1
microcode	: 0x17
cpu MHz		: 800.000
cache size	: 3072 KB
physical id	: 0
siblings	: 4
core id		: 1
cpu cores	: 2
apicid		: 2
initial apicid	: 2
fpu		: yes
fpu_exception	: yes
cpuid level	: 13
wp		: yes
flags		: fpu vme de pse tsc msr pae mce cx8 apic sep mtrr pge mca cmov pat pse36 clflush dts acpi mmx fxsr sse sse2 ss ht tm pbe syscall nx pdpe1gb rdtscp lm constant_tsc arch_perfmon pebs bts rep_good nopl xtopology nonstop_tsc aperfmperf eagerfpu pni pclmulqdq dtes64 monitor ds_cpl vmx est tm2 ssse3 fma cx16 xtpr pdcm pcid sse4_1 sse4_2 movbe popcnt tsc_deadline_timer aes xsave avx f16c rdrand lahf_lm abm ida arat epb xsaveopt pln pts dtherm tpr_shadow vnmi flexpriority ept vpid fsgsbase tsc_adjust bmi1 avx2 smep bmi2 erms invpcid
bogomips	: 4788.95
clflush size	: 64
cache_alignment	: 64
address sizes	: 39 bits physical, 48 bits virtual
power management:

processor	: 3
vendor_id	: GenuineIntel
cpu family	: 6
model		: 69
model name	: Intel(R) Core(TM) i5-4210U CPU @ 1.70GHz
stepping	: 1
microcode	: 0x17
cpu MHz		: 1700.000
cache size	: 3072 KB
physical id	: 0
siblings	: 4
core id		: 1
cpu cores	: 2
apicid		: 3
initial apicid	: 3
fpu		: yes
fpu_exception	: yes
cpuid level	: 13
wp		: yes
flags		: fpu vme de pse tsc msr pae mce cx8 apic sep mtrr pge mca cmov pat pse36 clflush dts acpi mmx fxsr sse sse2 ss ht tm pbe syscall nx pdpe1gb rdtscp lm constant_tsc arch_perfmon pebs bts rep_good nopl xtopology nonstop_tsc aperfmperf eagerfpu pni pclmulqdq dtes64 monitor ds_cpl vmx est tm2 ssse3 fma cx16 xtpr pdcm pcid sse4_1 sse4_2 movbe popcnt tsc_deadline_timer aes xsave avx f16c rdrand lahf_lm abm ida arat epb xsaveopt pln pts dtherm tpr_shadow vnmi flexpriority ept vpid fsgsbase tsc_adjust bmi1 avx2 smep bmi2 erms invpcid
bogomips	: 4788.95
clflush size	: 64
cache_alignment	: 64
address sizes	: 39 bits physical, 48 bits virtual
power management:



Memory: 4k page, physical 3953588k(107720k free), swap 1951740k(72k free)

vm_info: Java HotSpot(TM) 64-Bit Server VM (25.101-b13) for linux-amd64 JRE (1.8.0_101-b13), built on Jun 22 2016 02:59:44 by "java_re" with gcc 4.3.0 20080428 (Red Hat 4.3.0-8)

time: Sun Oct 16 16:24:12 2016
elapsed time: 58 seconds (0d 0h 0m 58s)

