#
# There is insufficient memory for the Java Runtime Environment to continue.
# Native memory allocation (mmap) failed to map 82313216 bytes for committing reserved memory.
# Possible reasons:
#   The system is out of physical RAM or swap space
#   In 32 bit mode, the process size limit was hit
# Possible solutions:
#   Reduce memory load on the system
#   Increase physical memory or swap space
#   Check if swap backing store is full
#   Use 64 bit Java on a 64 bit OS
#   Decrease Java heap size (-Xmx/-Xms)
#   Decrease number of Java threads
#   Decrease Java thread stack sizes (-Xss)
#   Set larger code cache with -XX:ReservedCodeCacheSize=
# This output file may be truncated or incomplete.
#
#  Out of Memory Error (os_linux.cpp:2627), pid=3930, tid=0x00007f037c1dc700
#
# JRE version: Java(TM) SE Runtime Environment (8.0_101-b13) (build 1.8.0_101-b13)
# Java VM: Java HotSpot(TM) 64-Bit Server VM (25.101-b13 mixed mode linux-amd64 compressed oops)
# Failed to write core dump. Core dumps have been disabled. To enable core dumping, try "ulimit -c unlimited" before starting Java again
#

---------------  T H R E A D  ---------------

Current thread (0x00007f0378078000):  VMThread [stack: 0x00007f037c0dc000,0x00007f037c1dd000] [id=3939]

Stack: [0x00007f037c0dc000,0x00007f037c1dd000],  sp=0x00007f037c1db060,  free space=1020k
Native frames: (J=compiled Java code, j=interpreted, Vv=VM code, C=native code)
V  [libjvm.so+0xac3f0a]  VMError::report_and_die()+0x2ba
V  [libjvm.so+0x4fbf9b]  report_vm_out_of_memory(char const*, int, unsigned long, VMErrorType, char const*)+0x8b
V  [libjvm.so+0x9222d3]  os::Linux::commit_memory_impl(char*, unsigned long, bool)+0x103
V  [libjvm.so+0x922829]  os::pd_commit_memory(char*, unsigned long, unsigned long, bool)+0x29
V  [libjvm.so+0x91cb2a]  os::commit_memory(char*, unsigned long, unsigned long, bool)+0x2a
V  [libjvm.so+0x991053]  PSVirtualSpace::expand_by(unsigned long)+0x53
V  [libjvm.so+0x981920]  PSOldGen::expand(unsigned long)+0x170
V  [libjvm.so+0x981b2b]  PSOldGen::resize(unsigned long)+0x1cb
V  [libjvm.so+0x989821]  PSParallelCompact::invoke_no_policy(bool)+0x991
V  [libjvm.so+0x98f17d]  PSScavenge::invoke()+0x1ad
V  [libjvm.so+0x945fc0]  ParallelScavengeHeap::failed_mem_allocate(unsigned long)+0x70
V  [libjvm.so+0xac5927]  VM_ParallelGCFailedAllocation::doit()+0x97
V  [libjvm.so+0xacd405]  VM_Operation::evaluate()+0x55
V  [libjvm.so+0xacb7da]  VMThread::evaluate_operation(VM_Operation*)+0xba
V  [libjvm.so+0xacbb5e]  VMThread::loop()+0x1ce
V  [libjvm.so+0xacbfd0]  VMThread::run()+0x70
V  [libjvm.so+0x924698]  java_start(Thread*)+0x108

VM_Operation (0x00007f0361dfbd80): ParallelGCFailedAllocation, mode: safepoint, requested by thread 0x00007f0378146800


---------------  P R O C E S S  ---------------

Java Threads: ( => current thread )
  0x00007f037814a800 JavaThread "pool-2-thread-4" [_thread_blocked, id=3952, stack(0x00007f0361bfc000,0x00007f0361cfd000)]
  0x00007f0378146800 JavaThread "pool-2-thread-3" [_thread_blocked, id=3951, stack(0x00007f0361cfd000,0x00007f0361dfe000)]
  0x00007f0378145000 JavaThread "pool-2-thread-2" [_thread_blocked, id=3950, stack(0x00007f0361dfe000,0x00007f0361eff000)]
  0x00007f0378143800 JavaThread "pool-3-thread-1" [_thread_blocked, id=3949, stack(0x00007f0361eff000,0x00007f0362000000)]
  0x00007f0378141000 JavaThread "pool-2-thread-1" [_thread_blocked, id=3948, stack(0x00007f0368014000,0x00007f0368115000)]
  0x00007f03780c1800 JavaThread "Service Thread" daemon [_thread_blocked, id=3946, stack(0x00007f0368216000,0x00007f0368317000)]
  0x00007f03780be800 JavaThread "C1 CompilerThread2" daemon [_thread_blocked, id=3945, stack(0x00007f0368317000,0x00007f0368418000)]
  0x00007f03780bc800 JavaThread "C2 CompilerThread1" daemon [_thread_blocked, id=3944, stack(0x00007f0368418000,0x00007f0368519000)]
  0x00007f03780ba000 JavaThread "C2 CompilerThread0" daemon [_thread_blocked, id=3943, stack(0x00007f0368519000,0x00007f036861a000)]
  0x00007f03780b8800 JavaThread "Signal Dispatcher" daemon [_thread_blocked, id=3942, stack(0x00007f036861a000,0x00007f036871b000)]
  0x00007f0378084000 JavaThread "Finalizer" daemon [_thread_blocked, id=3941, stack(0x00007f0368dfe000,0x00007f0368eff000)]
  0x00007f037807f800 JavaThread "Reference Handler" daemon [_thread_blocked, id=3940, stack(0x00007f0368eff000,0x00007f0369000000)]
  0x00007f037800a000 JavaThread "main" [_thread_blocked, id=3932, stack(0x00007f0381794000,0x00007f0381895000)]

Other Threads:
=>0x00007f0378078000 VMThread [stack: 0x00007f037c0dc000,0x00007f037c1dd000] [id=3939]
  0x00007f03780c4000 WatcherThread [stack: 0x00007f0368115000,0x00007f0368216000] [id=3947]

VM state:at safepoint (normal execution)

VM Mutex/Monitor currently owned by a thread:  ([mutex/lock_event])
[0x00007f0378005ed0] ExpandHeap_lock - owner thread: 0x00007f0378078000
[0x00007f0378006550] Threads_lock - owner thread: 0x00007f0378078000
[0x00007f0378006a50] Heap_lock - owner thread: 0x00007f0378146800

Heap:
 PSYoungGen      total 257536K, used 6790K [0x00000000eab00000, 0x0000000100000000, 0x0000000100000000)
  eden space 179200K, 0% used [0x00000000eab00000,0x00000000eab00000,0x00000000f5a00000)
  from space 78336K, 8% used [0x00000000fb380000,0x00000000fba21a08,0x0000000100000000)
  to   space 84992K, 0% used [0x00000000f5a00000,0x00000000f5a00000,0x00000000fad00000)
 ParOldGen       total 176128K, used 175822K [0x00000000c0000000, 0x00000000cac00000, 0x00000000eab00000)
  object space 176128K, 99% used [0x00000000c0000000,0x00000000cabb39a8,0x00000000cac00000)
 Metaspace       used 6230K, capacity 7128K, committed 7424K, reserved 1056768K
  class space    used 611K, capacity 656K, committed 768K, reserved 1048576K

Card table byte_map: [0x00007f037e347000,0x00007f037e548000] byte_map_base: 0x00007f037dd47000

Marking Bits: (ParMarkBitMap*) 0x00007f0380c68120
 Begin Bits: [0x00007f0362000000, 0x00007f0363000000)
 End Bits:   [0x00007f0363000000, 0x00007f0364000000)

Polling page: 0x00007f03818b1000

CodeCache: size=245760Kb used=6790Kb max_used=6816Kb free=238969Kb
 bounds [0x00007f0369000000, 0x00007f03696b0000, 0x00007f0378000000]
 total_blobs=1991 nmethods=1723 adapters=181
 compilation: enabled

Compilation events (10 events):
Event: 56.132 Thread 0x00007f03780be800 1980 %     2       com.android.dx.util.BitIntSet::merge @ 80 (148 bytes)
Event: 56.136 Thread 0x00007f03780be800 nmethod 1980% 0x00007f03696892d0 code [0x00007f03696894e0, 0x00007f0369689b18]
Event: 56.136 Thread 0x00007f03780be800 1982       3       java.util.HashMap::getNode (148 bytes)
Event: 56.137 Thread 0x00007f03780be800 nmethod 1982 0x00007f03696843d0 code [0x00007f03696845e0, 0x00007f0369685248]
Event: 56.137 Thread 0x00007f03780be800 1981       3       com.android.dx.ssa.back.FirstFitLocalCombiningAllocator::handleCheckCastResults (413 bytes)
Event: 56.143 Thread 0x00007f03780be800 nmethod 1981 0x00007f036969df50 code [0x00007f036969e500, 0x00007f03696a2178]
Event: 56.145 Thread 0x00007f03780be800 1984       2       com.android.dx.util.BitIntSet::merge (148 bytes)
Event: 56.146 Thread 0x00007f03780be800 nmethod 1984 0x00007f03696836d0 code [0x00007f03696838e0, 0x00007f0369683e78]
Event: 56.158 Thread 0x00007f03780ba000 nmethod 1969% 0x00007f03696a4b10 code [0x00007f03696a5160, 0x00007f03696a8ae8]
Event: 56.158 Thread 0x00007f03780ba000 1985       4       com.android.dx.util.BitIntSet::merge (148 bytes)

GC Heap History (10 events):
Event: 49.162 GC heap after
Heap after GC invocations=13 (full 2):
 PSYoungGen      total 202240K, used 202227K [0x00000000eab00000, 0x00000000fc480000, 0x0000000100000000)
  eden space 150016K, 100% used [0x00000000eab00000,0x00000000f3d80000,0x00000000f3d80000)
  from space 52224K, 99% used [0x00000000f7f00000,0x00000000fb1fcdb0,0x00000000fb200000)
  to   space 67072K, 43% used [0x00000000f3d80000,0x00000000f59ad7d0,0x00000000f7f00000)
 ParOldGen       total 174080K, used 173944K [0x00000000c0000000, 0x00000000caa00000, 0x00000000eab00000)
  object space 174080K, 99% used [0x00000000c0000000,0x00000000ca9de290,0x00000000caa00000)
 Metaspace       used 6194K, capacity 7128K, committed 7424K, reserved 1056768K
  class space    used 611K, capacity 656K, committed 768K, reserved 1048576K
}
Event: 49.162 GC heap before
{Heap before GC invocations=14 (full 3):
 PSYoungGen      total 202240K, used 202227K [0x00000000eab00000, 0x00000000fc480000, 0x0000000100000000)
  eden space 150016K, 100% used [0x00000000eab00000,0x00000000f3d80000,0x00000000f3d80000)
  from space 52224K, 99% used [0x00000000f7f00000,0x00000000fb1fcdb0,0x00000000fb200000)
  to   space 67072K, 43% used [0x00000000f3d80000,0x00000000f59ad7d0,0x00000000f7f00000)
 ParOldGen       total 174080K, used 173944K [0x00000000c0000000, 0x00000000caa00000, 0x00000000eab00000)
  object space 174080K, 99% used [0x00000000c0000000,0x00000000ca9de290,0x00000000caa00000)
 Metaspace       used 6194K, capacity 7128K, committed 7424K, reserved 1056768K
  class space    used 611K, capacity 656K, committed 768K, reserved 1048576K
Event: 50.520 GC heap after
Heap after GC invocations=14 (full 3):
 PSYoungGen      total 202240K, used 0K [0x00000000eab00000, 0x00000000fc480000, 0x0000000100000000)
  eden space 150016K, 0% used [0x00000000eab00000,0x00000000eab00000,0x00000000f3d80000)
  from space 52224K, 0% used [0x00000000f7f00000,0x00000000f7f00000,0x00000000fb200000)
  to   space 67072K, 30% used [0x00000000f3d80000,0x00000000f5134960,0x00000000f7f00000)
 ParOldGen       total 228352K, used 174013K [0x00000000c0000000, 0x00000000cdf00000, 0x00000000eab00000)
  object space 228352K, 76% used [0x00000000c0000000,0x00000000ca9ef4e8,0x00000000cdf00000)
 Metaspace       used 6194K, capacity 7128K, committed 7424K, reserved 1056768K
  class space    used 611K, capacity 656K, committed 768K, reserved 1048576K
}
Event: 51.919 GC heap before
{Heap before GC invocations=15 (full 4):
 PSYoungGen      total 202240K, used 150016K [0x00000000eab00000, 0x00000000fc480000, 0x0000000100000000)
  eden space 150016K, 100% used [0x00000000eab00000,0x00000000f3d80000,0x00000000f3d80000)
  from space 52224K, 0% used [0x00000000f7f00000,0x00000000f7f00000,0x00000000fb200000)
  to   space 67072K, 30% used [0x00000000f3d80000,0x00000000f5134960,0x00000000f7f00000)
 ParOldGen       total 228352K, used 174013K [0x00000000c0000000, 0x00000000cdf00000, 0x00000000eab00000)
  object space 228352K, 76% used [0x00000000c0000000,0x00000000ca9ef4e8,0x00000000cdf00000)
 Metaspace       used 6208K, capacity 7128K, committed 7424K, reserved 1056768K
  class space    used 611K, capacity 656K, committed 768K, reserved 1048576K
Event: 52.845 GC heap after
Heap after GC invocations=15 (full 4):
 PSYoungGen      total 202240K, used 0K [0x00000000eab00000, 0x00000000fc480000, 0x0000000100000000)
  eden space 150016K, 0% used [0x00000000eab00000,0x00000000eab00000,0x00000000f3d80000)
  from space 52224K, 0% used [0x00000000f7f00000,0x00000000f7f00000,0x00000000fb200000)
  to   space 67072K, 0% used [0x00000000f3d80000,0x00000000f3d80000,0x00000000f7f00000)
 ParOldGen       total 166400K, used 107943K [0x00000000c0000000, 0x00000000ca280000, 0x00000000eab00000)
  object space 166400K, 64% used [0x00000000c0000000,0x00000000c6969c00,0x00000000ca280000)
 Metaspace       used 6208K, capacity 7128K, committed 7424K, reserved 1056768K
  class space    used 611K, capacity 656K, committed 768K, reserved 1048576K
}
Event: 53.248 GC heap before
{Heap before GC invocations=16 (full 4):
 PSYoungGen      total 202240K, used 150016K [0x00000000eab00000, 0x00000000fc480000, 0x0000000100000000)
  eden space 150016K, 100% used [0x00000000eab00000,0x00000000f3d80000,0x00000000f3d80000)
  from space 52224K, 0% used [0x00000000f7f00000,0x00000000f7f00000,0x00000000fb200000)
  to   space 67072K, 0% used [0x00000000f3d80000,0x00000000f3d80000,0x00000000f7f00000)
 ParOldGen       total 166400K, used 107943K [0x00000000c0000000, 0x00000000ca280000, 0x00000000eab00000)
  object space 166400K, 64% used [0x00000000c0000000,0x00000000c6969c00,0x00000000ca280000)
 Metaspace       used 6221K, capacity 7128K, committed 7424K, reserved 1056768K
  class space    used 611K, capacity 656K, committed 768K, reserved 1048576K
Event: 55.736 GC heap after
Heap after GC invocations=16 (full 4):
 PSYoungGen      total 217088K, used 65880K [0x00000000eab00000, 0x0000000100000000, 0x0000000100000000)
  eden space 150016K, 0% used [0x00000000eab00000,0x00000000eab00000,0x00000000f3d80000)
  from space 67072K, 98% used [0x00000000f3d80000,0x00000000f7dd6358,0x00000000f7f00000)
  to   space 78336K, 0% used [0x00000000fb380000,0x00000000fb380000,0x0000000100000000)
 ParOldGen       total 166400K, used 107943K [0x00000000c0000000, 0x00000000ca280000, 0x00000000eab00000)
  object space 166400K, 64% used [0x00000000c0000000,0x00000000c6969c00,0x00000000ca280000)
 Metaspace       used 6221K, capacity 7128K, committed 7424K, reserved 1056768K
  class space    used 611K, capacity 656K, committed 768K, reserved 1048576K
}
Event: 56.168 GC heap before
{Heap before GC invocations=17 (full 4):
 PSYoungGen      total 217088K, used 215896K [0x00000000eab00000, 0x0000000100000000, 0x0000000100000000)
  eden space 150016K, 100% used [0x00000000eab00000,0x00000000f3d80000,0x00000000f3d80000)
  from space 67072K, 98% used [0x00000000f3d80000,0x00000000f7dd6358,0x00000000f7f00000)
  to   space 78336K, 0% used [0x00000000fb380000,0x00000000fb380000,0x0000000100000000)
 ParOldGen       total 166400K, used 107943K [0x00000000c0000000, 0x00000000ca280000, 0x00000000eab00000)
  object space 166400K, 64% used [0x00000000c0000000,0x00000000c6969c00,0x00000000ca280000)
 Metaspace       used 6230K, capacity 7128K, committed 7424K, reserved 1056768K
  class space    used 611K, capacity 656K, committed 768K, reserved 1048576K
Event: 61.562 GC heap after
Heap after GC invocations=17 (full 4):
 PSYoungGen      total 257536K, used 58692K [0x00000000eab00000, 0x0000000100000000, 0x0000000100000000)
  eden space 179200K, 0% used [0x00000000eab00000,0x00000000eab00000,0x00000000f5a00000)
  from space 78336K, 74% used [0x00000000fb380000,0x00000000fecd11e0,0x0000000100000000)
  to   space 84992K, 0% used [0x00000000f5a00000,0x00000000f5a00000,0x00000000fad00000)
 ParOldGen       total 176128K, used 174148K [0x00000000c0000000, 0x00000000cac00000, 0x00000000eab00000)
  object space 176128K, 98% used [0x00000000c0000000,0x00000000caa11230,0x00000000cac00000)
 Metaspace       used 6230K, capacity 7128K, committed 7424K, reserved 1056768K
  class space    used 611K, capacity 656K, committed 768K, reserved 1048576K
}
Event: 61.562 GC heap before
{Heap before GC invocations=18 (full 5):
 PSYoungGen      total 257536K, used 58692K [0x00000000eab00000, 0x0000000100000000, 0x0000000100000000)
  eden space 179200K, 0% used [0x00000000eab00000,0x00000000eab00000,0x00000000f5a00000)
  from space 78336K, 74% used [0x00000000fb380000,0x00000000fecd11e0,0x0000000100000000)
  to   space 84992K, 0% used [0x00000000f5a00000,0x00000000f5a00000,0x00000000fad00000)
 ParOldGen       total 176128K, used 174148K [0x00000000c0000000, 0x00000000cac00000, 0x00000000eab00000)
  object space 176128K, 98% used [0x00000000c0000000,0x00000000caa11230,0x00000000cac00000)
 Metaspace       used 6230K, capacity 7128K, committed 7424K, reserved 1056768K
  class space    used 611K, capacity 656K, committed 768K, reserved 1048576K

Deoptimization events (10 events):
Event: 41.278 Thread 0x00007f0378146800 Uncommon trap: reason=class_check action=maybe_recompile pc=0x00007f03692ff618 method=com.android.dx.ssa.back.InterferenceGraph.add(II)V @ 19
Event: 41.278 Thread 0x00007f0378146800 Uncommon trap: reason=class_check action=maybe_recompile pc=0x00007f036959ac60 method=com.android.dx.ssa.back.InterferenceGraph.add(II)V @ 19
Event: 50.537 Thread 0x00007f037800a000 Uncommon trap: reason=bimorphic action=maybe_recompile pc=0x00007f03695028c0 method=com.android.dx.cf.code.BytecodeArray.parseInstruction(ILcom/android/dx/cf/code/BytecodeArray$Visitor;)I @ 1357
Event: 50.537 Thread 0x00007f037800a000 Uncommon trap: reason=bimorphic action=maybe_recompile pc=0x00007f03695028c0 method=com.android.dx.cf.code.BytecodeArray.parseInstruction(ILcom/android/dx/cf/code/BytecodeArray$Visitor;)I @ 1357
Event: 50.547 Thread 0x00007f037800a000 Uncommon trap: reason=bimorphic action=maybe_recompile pc=0x00007f036950154c method=com.android.dx.cf.code.BytecodeArray.parseInstruction(ILcom/android/dx/cf/code/BytecodeArray$Visitor;)I @ 2135
Event: 50.548 Thread 0x00007f037800a000 Uncommon trap: reason=bimorphic action=maybe_recompile pc=0x00007f036950154c method=com.android.dx.cf.code.BytecodeArray.parseInstruction(ILcom/android/dx/cf/code/BytecodeArray$Visitor;)I @ 2135
Event: 55.901 Thread 0x00007f037814a800 Uncommon trap: reason=class_check action=maybe_recompile pc=0x00007f036966f068 method=com.android.dx.util.BitIntSet.merge(Lcom/android/dx/util/IntSet;)V @ 1
Event: 55.985 Thread 0x00007f0378141000 Uncommon trap: reason=class_check action=maybe_recompile pc=0x00007f036966f068 method=com.android.dx.util.BitIntSet.merge(Lcom/android/dx/util/IntSet;)V @ 1
Event: 56.128 Thread 0x00007f0378141000 Uncommon trap: reason=class_check action=maybe_recompile pc=0x00007f036966f068 method=com.android.dx.util.BitIntSet.merge(Lcom/android/dx/util/IntSet;)V @ 1
Event: 56.128 Thread 0x00007f0378141000 Uncommon trap: reason=class_check action=maybe_recompile pc=0x00007f036966f068 method=com.android.dx.util.BitIntSet.merge(Lcom/android/dx/util/IntSet;)V @ 1

Internal exceptions (5 events):
Event: 0.169 Thread 0x00007f037800a000 Exception <a 'java/lang/NoSuchMethodError': Method sun.misc.Unsafe.defineClass(Ljava/lang/String;[BII)Ljava/lang/Class; name or signature does not match> (0x00000000eab07cc0) thrown at [/HUDSON3/workspace/8-2-build-linux-amd64/jdk8u101/7261/hotspot/src/sh
Event: 0.169 Thread 0x00007f037800a000 Exception <a 'java/lang/NoSuchMethodError': Method sun.misc.Unsafe.prefetchRead(Ljava/lang/Object;J)V name or signature does not match> (0x00000000eab07fa8) thrown at [/HUDSON3/workspace/8-2-build-linux-amd64/jdk8u101/7261/hotspot/src/share/vm/prims/jni.c
Event: 6.938 Thread 0x00007f0378146800 Exception <a 'java/lang/ArrayIndexOutOfBoundsException': 18> (0x00000000ec8a9730) thrown at [/HUDSON3/workspace/8-2-build-linux-amd64/jdk8u101/7261/hotspot/src/share/vm/interpreter/interpreterRuntime.cpp, line 366]
Event: 6.938 Thread 0x00007f0378146800 Exception <a 'java/lang/ArrayIndexOutOfBoundsException': 145> (0x00000000ec8ab2b0) thrown at [/HUDSON3/workspace/8-2-build-linux-amd64/jdk8u101/7261/hotspot/src/share/vm/interpreter/interpreterRuntime.cpp, line 366]
Event: 6.939 Thread 0x00007f0378146800 Exception <a 'java/lang/ArrayIndexOutOfBoundsException': 40> (0x00000000ec8ac598) thrown at [/HUDSON3/workspace/8-2-build-linux-amd64/jdk8u101/7261/hotspot/src/share/vm/interpreter/interpreterRuntime.cpp, line 366]

Events (10 events):
Event: 56.163 Thread 0x00007f0378145000 DEOPT UNPACKING pc=0x00007f0369047633 sp=0x00007f0361efca68 mode 0
Event: 56.164 Thread 0x00007f0378145000 DEOPT PACKING pc=0x00007f036928bd6d sp=0x00007f0361efcce0
Event: 56.164 Thread 0x00007f0378145000 DEOPT UNPACKING pc=0x00007f0369047633 sp=0x00007f0361efca68 mode 0
Event: 56.165 Thread 0x00007f0378145000 DEOPT PACKING pc=0x00007f036928bd6d sp=0x00007f0361efcce0
Event: 56.165 Thread 0x00007f0378145000 DEOPT UNPACKING pc=0x00007f0369047633 sp=0x00007f0361efca68 mode 0
Event: 56.165 Thread 0x00007f0378145000 DEOPT PACKING pc=0x00007f036928bd6d sp=0x00007f0361efcce0
Event: 56.165 Thread 0x00007f0378145000 DEOPT UNPACKING pc=0x00007f0369047633 sp=0x00007f0361efca68 mode 0
Event: 56.166 Thread 0x00007f0378145000 DEOPT PACKING pc=0x00007f036928bd6d sp=0x00007f0361efcce0
Event: 56.166 Thread 0x00007f0378145000 DEOPT UNPACKING pc=0x00007f0369047633 sp=0x00007f0361efca68 mode 0
Event: 56.166 Executing VM operation: ParallelGCFailedAllocation


Dynamic libraries:
00400000-00401000 r-xp 00000000 08:05 29627769                           /usr/lib/jvm/java-8-oracle/bin/java
00600000-00601000 rw-p 00000000 08:05 29627769                           /usr/lib/jvm/java-8-oracle/bin/java
022c6000-022e7000 rw-p 00000000 00:00 0                                  [heap]
c0000000-cac00000 rw-p 00000000 00:00 0 
cfa80000-eab00000 ---p 00000000 00:00 0 
eab00000-100000000 rw-p 00000000 00:00 0 
100000000-1000c0000 rw-p 00000000 00:00 0 
1000c0000-140000000 ---p 00000000 00:00 0 
7f0314000000-7f0314048000 rw-p 00000000 00:00 0 
7f0314048000-7f0318000000 ---p 00000000 00:00 0 
7f031c000000-7f031c02c000 rw-p 00000000 00:00 0 
7f031c02c000-7f0320000000 ---p 00000000 00:00 0 
7f0320000000-7f0320026000 rw-p 00000000 00:00 0 
7f0320026000-7f0324000000 ---p 00000000 00:00 0 
7f0324000000-7f032402e000 rw-p 00000000 00:00 0 
7f032402e000-7f0328000000 ---p 00000000 00:00 0 
7f0328000000-7f0328021000 rw-p 00000000 00:00 0 
7f0328021000-7f032c000000 ---p 00000000 00:00 0 
7f032c000000-7f032c021000 rw-p 00000000 00:00 0 
7f032c021000-7f0330000000 ---p 00000000 00:00 0 
7f0330000000-7f0330021000 rw-p 00000000 00:00 0 
7f0330021000-7f0334000000 ---p 00000000 00:00 0 
7f0334000000-7f0335b79000 rw-p 00000000 00:00 0 
7f0335b79000-7f0338000000 ---p 00000000 00:00 0 
7f0338000000-7f033882e000 rw-p 00000000 00:00 0 
7f033882e000-7f033c000000 ---p 00000000 00:00 0 
7f033c000000-7f033c021000 rw-p 00000000 00:00 0 
7f033c021000-7f0340000000 ---p 00000000 00:00 0 
7f0340000000-7f03417e6000 rw-p 00000000 00:00 0 
7f03417e6000-7f0344000000 ---p 00000000 00:00 0 
7f0344000000-7f0344021000 rw-p 00000000 00:00 0 
7f0344021000-7f0348000000 ---p 00000000 00:00 0 
7f0348000000-7f0348021000 rw-p 00000000 00:00 0 
7f0348021000-7f034c000000 ---p 00000000 00:00 0 
7f034c000000-7f034c021000 rw-p 00000000 00:00 0 
7f034c021000-7f0350000000 ---p 00000000 00:00 0 
7f0350000000-7f035029e000 rw-p 00000000 00:00 0 
7f035029e000-7f0354000000 ---p 00000000 00:00 0 
7f0354000000-7f0354021000 rw-p 00000000 00:00 0 
7f0354021000-7f0358000000 ---p 00000000 00:00 0 
7f035c000000-7f035c021000 rw-p 00000000 00:00 0 
7f035c021000-7f0360000000 ---p 00000000 00:00 0 
7f0361bfc000-7f0361bff000 ---p 00000000 00:00 0 
7f0361bff000-7f0361cfd000 rw-p 00000000 00:00 0                          [stack:3952]
7f0361cfd000-7f0361d00000 ---p 00000000 00:00 0 
7f0361d00000-7f0361dfe000 rw-p 00000000 00:00 0                          [stack:3951]
7f0361dfe000-7f0361e01000 ---p 00000000 00:00 0 
7f0361e01000-7f0361eff000 rw-p 00000000 00:00 0                          [stack:3950]
7f0361eff000-7f0361f02000 ---p 00000000 00:00 0 
7f0361f02000-7f0364000000 rw-p 00000000 00:00 0                          [stack:3949]
7f0364000000-7f0364021000 rw-p 00000000 00:00 0 
7f0364021000-7f0368000000 ---p 00000000 00:00 0 
7f0368014000-7f0368017000 ---p 00000000 00:00 0 
7f0368017000-7f0368115000 rw-p 00000000 00:00 0                          [stack:3948]
7f0368115000-7f0368116000 ---p 00000000 00:00 0 
7f0368116000-7f0368216000 rw-p 00000000 00:00 0                          [stack:3947]
7f0368216000-7f0368219000 ---p 00000000 00:00 0 
7f0368219000-7f0368317000 rw-p 00000000 00:00 0                          [stack:3946]
7f0368317000-7f036831a000 ---p 00000000 00:00 0 
7f036831a000-7f0368418000 rw-p 00000000 00:00 0                          [stack:3945]
7f0368418000-7f036841b000 ---p 00000000 00:00 0 
7f036841b000-7f0368519000 rw-p 00000000 00:00 0                          [stack:3944]
7f0368519000-7f036851c000 ---p 00000000 00:00 0 
7f036851c000-7f036861a000 rw-p 00000000 00:00 0                          [stack:3943]
7f036861a000-7f036861d000 ---p 00000000 00:00 0 
7f036861d000-7f036871b000 rw-p 00000000 00:00 0                          [stack:3942]
7f036871b000-7f0368dfe000 r--p 00000000 08:05 29235794                   /usr/lib/locale/locale-archive
7f0368dfe000-7f0368e01000 ---p 00000000 00:00 0 
7f0368e01000-7f0368eff000 rw-p 00000000 00:00 0                          [stack:3941]
7f0368eff000-7f0368f02000 ---p 00000000 00:00 0 
7f0368f02000-7f0369000000 rw-p 00000000 00:00 0                          [stack:3940]
7f0369000000-7f03696b0000 rwxp 00000000 00:00 0 
7f03696b0000-7f0378000000 ---p 00000000 00:00 0 
7f0378000000-7f0378390000 rw-p 00000000 00:00 0 
7f0378390000-7f037c000000 ---p 00000000 00:00 0 
7f037c0cb000-7f037c0dc000 r--s 000bc000 08:05 28574313                   /home/tal/Documents/Workspace/mymovies_tal/app/build/intermediates/exploded-aar/com.google.android.gms/play-services-ads/9.4.0/jars/classes.jar
7f037c0dc000-7f037c0dd000 ---p 00000000 00:00 0 
7f037c0dd000-7f037d19e000 rw-p 00000000 00:00 0                          [stack:3939]
7f037d19e000-7f037d377000 r--s 03d29000 08:05 29235316                   /usr/lib/jvm/java-8-oracle/jre/lib/rt.jar
7f037d377000-7f037da6d000 rw-p 00000000 00:00 0 
7f037da6d000-7f037dbed000 ---p 00000000 00:00 0 
7f037dbed000-7f037dded000 rw-p 00000000 00:00 0 
7f037dded000-7f037ddee000 ---p 00000000 00:00 0 
7f037ddee000-7f037deee000 rw-p 00000000 00:00 0                          [stack:3938]
7f037deee000-7f037deef000 ---p 00000000 00:00 0 
7f037deef000-7f037dfef000 rw-p 00000000 00:00 0                          [stack:3937]
7f037dfef000-7f037dff0000 ---p 00000000 00:00 0 
7f037dff0000-7f037e0f0000 rw-p 00000000 00:00 0                          [stack:3936]
7f037e0f0000-7f037e0f1000 ---p 00000000 00:00 0 
7f037e0f1000-7f037e247000 rw-p 00000000 00:00 0                          [stack:3935]
7f037e247000-7f037e347000 ---p 00000000 00:00 0 
7f037e347000-7f037e39d000 rw-p 00000000 00:00 0 
7f037e39d000-7f037e49c000 ---p 00000000 00:00 0 
7f037e49c000-7f037e547000 rw-p 00000000 00:00 0 
7f037e547000-7f037e563000 rw-p 00000000 00:00 0 
7f037e563000-7f037e908000 ---p 00000000 00:00 0 
7f037e908000-7f037e922000 r-xp 00000000 08:05 29360201                   /usr/lib/jvm/java-8-oracle/jre/lib/amd64/libzip.so
7f037e922000-7f037eb22000 ---p 0001a000 08:05 29360201                   /usr/lib/jvm/java-8-oracle/jre/lib/amd64/libzip.so
7f037eb22000-7f037eb23000 rw-p 0001a000 08:05 29360201                   /usr/lib/jvm/java-8-oracle/jre/lib/amd64/libzip.so
7f037eb23000-7f037eb2d000 r-xp 00000000 08:05 15728744                   /lib/x86_64-linux-gnu/libnss_files-2.19.so
7f037eb2d000-7f037ed2c000 ---p 0000a000 08:05 15728744                   /lib/x86_64-linux-gnu/libnss_files-2.19.so
7f037ed2c000-7f037ed2d000 r--p 00009000 08:05 15728744                   /lib/x86_64-linux-gnu/libnss_files-2.19.so
7f037ed2d000-7f037ed2e000 rw-p 0000a000 08:05 15728744                   /lib/x86_64-linux-gnu/libnss_files-2.19.so
7f037ed2e000-7f037ed39000 r-xp 00000000 08:05 15728736                   /lib/x86_64-linux-gnu/libnss_nis-2.19.so
7f037ed39000-7f037ef38000 ---p 0000b000 08:05 15728736                   /lib/x86_64-linux-gnu/libnss_nis-2.19.so
7f037ef38000-7f037ef39000 r--p 0000a000 08:05 15728736                   /lib/x86_64-linux-gnu/libnss_nis-2.19.so
7f037ef39000-7f037ef3a000 rw-p 0000b000 08:05 15728736                   /lib/x86_64-linux-gnu/libnss_nis-2.19.so
7f037ef3a000-7f037ef51000 r-xp 00000000 08:05 15728732                   /lib/x86_64-linux-gnu/libnsl-2.19.so
7f037ef51000-7f037f150000 ---p 00017000 08:05 15728732                   /lib/x86_64-linux-gnu/libnsl-2.19.so
7f037f150000-7f037f151000 r--p 00016000 08:05 15728732                   /lib/x86_64-linux-gnu/libnsl-2.19.so
7f037f151000-7f037f152000 rw-p 00017000 08:05 15728732                   /lib/x86_64-linux-gnu/libnsl-2.19.so
7f037f152000-7f037f154000 rw-p 00000000 00:00 0 
7f037f154000-7f037f15d000 r-xp 00000000 08:05 15728731                   /lib/x86_64-linux-gnu/libnss_compat-2.19.so
7f037f15d000-7f037f35c000 ---p 00009000 08:05 15728731                   /lib/x86_64-linux-gnu/libnss_compat-2.19.so
7f037f35c000-7f037f35d000 r--p 00008000 08:05 15728731                   /lib/x86_64-linux-gnu/libnss_compat-2.19.so
7f037f35d000-7f037f35e000 rw-p 00009000 08:05 15728731                   /lib/x86_64-linux-gnu/libnss_compat-2.19.so
7f037f35e000-7f037f388000 r-xp 00000000 08:05 29360207                   /usr/lib/jvm/java-8-oracle/jre/lib/amd64/libjava.so
7f037f388000-7f037f588000 ---p 0002a000 08:05 29360207                   /usr/lib/jvm/java-8-oracle/jre/lib/amd64/libjava.so
7f037f588000-7f037f58a000 rw-p 0002a000 08:05 29360207                   /usr/lib/jvm/java-8-oracle/jre/lib/amd64/libjava.so
7f037f58a000-7f037f597000 r-xp 00000000 08:05 29360189                   /usr/lib/jvm/java-8-oracle/jre/lib/amd64/libverify.so
7f037f597000-7f037f797000 ---p 0000d000 08:05 29360189                   /usr/lib/jvm/java-8-oracle/jre/lib/amd64/libverify.so
7f037f797000-7f037f799000 rw-p 0000d000 08:05 29360189                   /usr/lib/jvm/java-8-oracle/jre/lib/amd64/libverify.so
7f037f799000-7f037f7a0000 r-xp 00000000 08:05 15728740                   /lib/x86_64-linux-gnu/librt-2.19.so
7f037f7a0000-7f037f99f000 ---p 00007000 08:05 15728740                   /lib/x86_64-linux-gnu/librt-2.19.so
7f037f99f000-7f037f9a0000 r--p 00006000 08:05 15728740                   /lib/x86_64-linux-gnu/librt-2.19.so
7f037f9a0000-7f037f9a1000 rw-p 00007000 08:05 15728740                   /lib/x86_64-linux-gnu/librt-2.19.so
7f037f9a1000-7f037faa6000 r-xp 00000000 08:05 15728666                   /lib/x86_64-linux-gnu/libm-2.19.so
7f037faa6000-7f037fca5000 ---p 00105000 08:05 15728666                   /lib/x86_64-linux-gnu/libm-2.19.so
7f037fca5000-7f037fca6000 r--p 00104000 08:05 15728666                   /lib/x86_64-linux-gnu/libm-2.19.so
7f037fca6000-7f037fca7000 rw-p 00105000 08:05 15728666                   /lib/x86_64-linux-gnu/libm-2.19.so
7f037fca7000-7f0380972000 r-xp 00000000 08:05 29360211                   /usr/lib/jvm/java-8-oracle/jre/lib/amd64/server/libjvm.so
7f0380972000-7f0380b71000 ---p 00ccb000 08:05 29360211                   /usr/lib/jvm/java-8-oracle/jre/lib/amd64/server/libjvm.so
7f0380b71000-7f0380c4a000 rw-p 00cca000 08:05 29360211                   /usr/lib/jvm/java-8-oracle/jre/lib/amd64/server/libjvm.so
7f0380c4a000-7f0380c95000 rw-p 00000000 00:00 0 
7f0380c95000-7f0380e4f000 r-xp 00000000 08:05 15728741                   /lib/x86_64-linux-gnu/libc-2.19.so
7f0380e4f000-7f038104f000 ---p 001ba000 08:05 15728741                   /lib/x86_64-linux-gnu/libc-2.19.so
7f038104f000-7f0381053000 r--p 001ba000 08:05 15728741                   /lib/x86_64-linux-gnu/libc-2.19.so
7f0381053000-7f0381055000 rw-p 001be000 08:05 15728741                   /lib/x86_64-linux-gnu/libc-2.19.so
7f0381055000-7f038105a000 rw-p 00000000 00:00 0 
7f038105a000-7f038105d000 r-xp 00000000 08:05 15728670                   /lib/x86_64-linux-gnu/libdl-2.19.so
7f038105d000-7f038125c000 ---p 00003000 08:05 15728670                   /lib/x86_64-linux-gnu/libdl-2.19.so
7f038125c000-7f038125d000 r--p 00002000 08:05 15728670                   /lib/x86_64-linux-gnu/libdl-2.19.so
7f038125d000-7f038125e000 rw-p 00003000 08:05 15728670                   /lib/x86_64-linux-gnu/libdl-2.19.so
7f038125e000-7f0381273000 r-xp 00000000 08:05 30017942                   /usr/lib/jvm/java-8-oracle/lib/amd64/jli/libjli.so
7f0381273000-7f0381473000 ---p 00015000 08:05 30017942                   /usr/lib/jvm/java-8-oracle/lib/amd64/jli/libjli.so
7f0381473000-7f0381474000 rw-p 00015000 08:05 30017942                   /usr/lib/jvm/java-8-oracle/lib/amd64/jli/libjli.so
7f0381474000-7f038148d000 r-xp 00000000 08:05 15728733                   /lib/x86_64-linux-gnu/libpthread-2.19.so
7f038148d000-7f038168c000 ---p 00019000 08:05 15728733                   /lib/x86_64-linux-gnu/libpthread-2.19.so
7f038168c000-7f038168d000 r--p 00018000 08:05 15728733                   /lib/x86_64-linux-gnu/libpthread-2.19.so
7f038168d000-7f038168e000 rw-p 00019000 08:05 15728733                   /lib/x86_64-linux-gnu/libpthread-2.19.so
7f038168e000-7f0381692000 rw-p 00000000 00:00 0 
7f0381692000-7f03816b5000 r-xp 00000000 08:05 15728734                   /lib/x86_64-linux-gnu/ld-2.19.so
7f03816ba000-7f0381794000 rw-p 00000000 00:00 0 
7f0381794000-7f0381797000 ---p 00000000 00:00 0 
7f0381797000-7f0381899000 rw-p 00000000 00:00 0                          [stack:3932]
7f0381899000-7f03818a8000 r--s 000df000 08:05 27526951                   /home/tal/Android/Sdk/build-tools/23.0.2/lib/dx.jar
7f03818a8000-7f03818b0000 rw-s 00000000 08:05 14419060                   /tmp/hsperfdata_tal/3930
7f03818b0000-7f03818b1000 rw-p 00000000 00:00 0 
7f03818b1000-7f03818b2000 ---p 00000000 00:00 0 
7f03818b2000-7f03818b4000 rw-p 00000000 00:00 0 
7f03818b4000-7f03818b5000 r--p 00022000 08:05 15728734                   /lib/x86_64-linux-gnu/ld-2.19.so
7f03818b5000-7f03818b6000 rw-p 00023000 08:05 15728734                   /lib/x86_64-linux-gnu/ld-2.19.so
7f03818b6000-7f03818b7000 rw-p 00000000 00:00 0 
7fff3e62c000-7fff3e64d000 rw-p 00000000 00:00 0                          [stack]
7fff3e7fe000-7fff3e800000 r-xp 00000000 00:00 0                          [vdso]
ffffffffff600000-ffffffffff601000 r-xp 00000000 00:00 0                  [vsyscall]

VM Arguments:
jvm_args: -Djava.awt.headless=true -Xmx1024M -Dfile.encoding=UTF-8 -Duser.country=US -Duser.language=en -Duser.variant 
java_command: com.android.dx.command.Main --dex --force-jumbo --num-threads=4 --multi-dex --output /home/tal/Documents/Workspace/mymovies_tal/app/build/intermediates/transforms/dex/debug/folders/1000/10/com.google.android.gms-play-services-ads-9.4.0_feec5f9176d86f85e1528ba7deabd358b884f2b9 /home/tal/Documents/Workspace/mymovies_tal/app/build/intermediates/exploded-aar/com.google.android.gms/play-services-ads/9.4.0/jars/classes.jar
java_class_path (initial): /home/tal/Android/Sdk/build-tools/23.0.2/lib/dx.jar
Launcher Type: SUN_STANDARD

Environment Variables:
JAVA_HOME=/usr/lib/jvm/java-8-oracle
PATH=/usr/local/sbin:/usr/local/bin:/usr/sbin:/usr/bin:/sbin:/bin:/usr/games:/usr/local/games:/usr/lib/jvm/java-8-oracle/bin:/usr/lib/jvm/java-8-oracle/db/bin:/usr/lib/jvm/java-8-oracle/jre/bin
SHELL=/bin/bash
DISPLAY=:0

Signal Handlers:
SIGSEGV: [libjvm.so+0xac4790], sa_mask[0]=11111111011111111101111111111110, sa_flags=SA_RESTART|SA_SIGINFO
SIGBUS: [libjvm.so+0xac4790], sa_mask[0]=11111111011111111101111111111110, sa_flags=SA_RESTART|SA_SIGINFO
SIGFPE: [libjvm.so+0x91f140], sa_mask[0]=11111111011111111101111111111110, sa_flags=SA_RESTART|SA_SIGINFO
SIGPIPE: [libjvm.so+0x91f140], sa_mask[0]=11111111011111111101111111111110, sa_flags=SA_RESTART|SA_SIGINFO
SIGXFSZ: [libjvm.so+0x91f140], sa_mask[0]=11111111011111111101111111111110, sa_flags=SA_RESTART|SA_SIGINFO
SIGILL: [libjvm.so+0x91f140], sa_mask[0]=11111111011111111101111111111110, sa_flags=SA_RESTART|SA_SIGINFO
SIGUSR1: SIG_DFL, sa_mask[0]=00000000000000000000000000000000, sa_flags=none
SIGUSR2: [libjvm.so+0x920770], sa_mask[0]=00100000000000000000000000000000, sa_flags=SA_RESTART|SA_SIGINFO
SIGHUP: [libjvm.so+0x921b70], sa_mask[0]=11111111011111111101111111111110, sa_flags=SA_RESTART|SA_SIGINFO
SIGINT: [libjvm.so+0x921b70], sa_mask[0]=11111111011111111101111111111110, sa_flags=SA_RESTART|SA_SIGINFO
SIGTERM: [libjvm.so+0x921b70], sa_mask[0]=11111111011111111101111111111110, sa_flags=SA_RESTART|SA_SIGINFO
SIGQUIT: [libjvm.so+0x921b70], sa_mask[0]=11111111011111111101111111111110, sa_flags=SA_RESTART|SA_SIGINFO


---------------  S Y S T E M  ---------------

OS:DISTRIB_ID=Ubuntu
DISTRIB_RELEASE=14.04
DISTRIB_CODENAME=trusty
DISTRIB_DESCRIPTION="Ubuntu 14.04.1 LTS"

uname:Linux 3.13.0-32-generic #57-Ubuntu SMP Tue Jul 15 03:51:08 UTC 2014 x86_64
libc:glibc 2.19 NPTL 2.19 
rlimit: STACK 8192k, CORE 0k, NPROC 30718, NOFILE 4096, AS infinity
load average:28.21 14.05 6.02

/proc/meminfo:
MemTotal:        3953588 kB
MemFree:          103444 kB
Buffers:             368 kB
Cached:           611228 kB
SwapCached:        14408 kB
Active:          2617028 kB
Inactive:         988468 kB
Active(anon):    2612260 kB
Inactive(anon):   969384 kB
Active(file):       4768 kB
Inactive(file):    19084 kB
Unevictable:          48 kB
Mlocked:              48 kB
SwapTotal:       1951740 kB
SwapFree:            124 kB
Dirty:               492 kB
Writeback:             0 kB
AnonPages:       2980648 kB
Mapped:            95784 kB
Shmem:            587376 kB
Slab:              77732 kB
SReclaimable:      35248 kB
SUnreclaim:        42484 kB
KernelStack:        5856 kB
PageTables:        55888 kB
NFS_Unstable:          0 kB
Bounce:                0 kB
WritebackTmp:          0 kB
CommitLimit:     3928532 kB
Committed_AS:   11096096 kB
VmallocTotal:   34359738367 kB
VmallocUsed:      402628 kB
VmallocChunk:   34359327228 kB
HardwareCorrupted:     0 kB
AnonHugePages:    704512 kB
HugePages_Total:       0
HugePages_Free:        0
HugePages_Rsvd:        0
HugePages_Surp:        0
Hugepagesize:       2048 kB
DirectMap4k:      104620 kB
DirectMap2M:     2947072 kB
DirectMap1G:     1048576 kB


CPU:total 4 (2 cores per cpu, 2 threads per core) family 6 model 69 stepping 1, cmov, cx8, fxsr, mmx, sse, sse2, sse3, ssse3, sse4.1, sse4.2, popcnt, avx, avx2, aes, clmul, erms, lzcnt, ht, tsc, tscinvbit, bmi1, bmi2

/proc/cpuinfo:
processor	: 0
vendor_id	: GenuineIntel
cpu family	: 6
model		: 69
model name	: Intel(R) Core(TM) i5-4210U CPU @ 1.70GHz
stepping	: 1
microcode	: 0x17
cpu MHz		: 1700.000
cache size	: 3072 KB
physical id	: 0
siblings	: 4
core id		: 0
cpu cores	: 2
apicid		: 0
initial apicid	: 0
fpu		: yes
fpu_exception	: yes
cpuid level	: 13
wp		: yes
flags		: fpu vme de pse tsc msr pae mce cx8 apic sep mtrr pge mca cmov pat pse36 clflush dts acpi mmx fxsr sse sse2 ss ht tm pbe syscall nx pdpe1gb rdtscp lm constant_tsc arch_perfmon pebs bts rep_good nopl xtopology nonstop_tsc aperfmperf eagerfpu pni pclmulqdq dtes64 monitor ds_cpl vmx est tm2 ssse3 fma cx16 xtpr pdcm pcid sse4_1 sse4_2 movbe popcnt tsc_deadline_timer aes xsave avx f16c rdrand lahf_lm abm ida arat epb xsaveopt pln pts dtherm tpr_shadow vnmi flexpriority ept vpid fsgsbase tsc_adjust bmi1 avx2 smep bmi2 erms invpcid
bogomips	: 4789.08
clflush size	: 64
cache_alignment	: 64
address sizes	: 39 bits physical, 48 bits virtual
power management:

processor	: 1
vendor_id	: GenuineIntel
cpu family	: 6
model		: 69
model name	: Intel(R) Core(TM) i5-4210U CPU @ 1.70GHz
stepping	: 1
microcode	: 0x17
cpu MHz		: 1700.000
cache size	: 3072 KB
physical id	: 0
siblings	: 4
core id		: 0
cpu cores	: 2
apicid		: 1
initial apicid	: 1
fpu		: yes
fpu_exception	: yes
cpuid level	: 13
wp		: yes
flags		: fpu vme de pse tsc msr pae mce cx8 apic sep mtrr pge mca cmov pat pse36 clflush dts acpi mmx fxsr sse sse2 ss ht tm pbe syscall nx pdpe1gb rdtscp lm constant_tsc arch_perfmon pebs bts rep_good nopl xtopology nonstop_tsc aperfmperf eagerfpu pni pclmulqdq dtes64 monitor ds_cpl vmx est tm2 ssse3 fma cx16 xtpr pdcm pcid sse4_1 sse4_2 movbe popcnt tsc_deadline_timer aes xsave avx f16c rdrand lahf_lm abm ida arat epb xsaveopt pln pts dtherm tpr_shadow vnmi flexpriority ept vpid fsgsbase tsc_adjust bmi1 avx2 smep bmi2 erms invpcid
bogomips	: 4789.08
clflush size	: 64
cache_alignment	: 64
address sizes	: 39 bits physical, 48 bits virtual
power management:

processor	: 2
vendor_id	: GenuineIntel
cpu family	: 6
model		: 69
model name	: Intel(R) Core(TM) i5-4210U CPU @ 1.70GHz
stepping	: 1
microcode	: 0x17
cpu MHz		: 1700.000
cache size	: 3072 KB
physical id	: 0
siblings	: 4
core id		: 1
cpu cores	: 2
apicid		: 2
initial apicid	: 2
fpu		: yes
fpu_exception	: yes
cpuid level	: 13
wp		: yes
flags		: fpu vme de pse tsc msr pae mce cx8 apic sep mtrr pge mca cmov pat pse36 clflush dts acpi mmx fxsr sse sse2 ss ht tm pbe syscall nx pdpe1gb rdtscp lm constant_tsc arch_perfmon pebs bts rep_good nopl xtopology nonstop_tsc aperfmperf eagerfpu pni pclmulqdq dtes64 monitor ds_cpl vmx est tm2 ssse3 fma cx16 xtpr pdcm pcid sse4_1 sse4_2 movbe popcnt tsc_deadline_timer aes xsave avx f16c rdrand lahf_lm abm ida arat epb xsaveopt pln pts dtherm tpr_shadow vnmi flexpriority ept vpid fsgsbase tsc_adjust bmi1 avx2 smep bmi2 erms invpcid
bogomips	: 4789.08
clflush size	: 64
cache_alignment	: 64
address sizes	: 39 bits physical, 48 bits virtual
power management:

processor	: 3
vendor_id	: GenuineIntel
cpu family	: 6
model		: 69
model name	: Intel(R) Core(TM) i5-4210U CPU @ 1.70GHz
stepping	: 1
microcode	: 0x17
cpu MHz		: 1700.000
cache size	: 3072 KB
physical id	: 0
siblings	: 4
core id		: 1
cpu cores	: 2
apicid		: 3
initial apicid	: 3
fpu		: yes
fpu_exception	: yes
cpuid level	: 13
wp		: yes
flags		: fpu vme de pse tsc msr pae mce cx8 apic sep mtrr pge mca cmov pat pse36 clflush dts acpi mmx fxsr sse sse2 ss ht tm pbe syscall nx pdpe1gb rdtscp lm constant_tsc arch_perfmon pebs bts rep_good nopl xtopology nonstop_tsc aperfmperf eagerfpu pni pclmulqdq dtes64 monitor ds_cpl vmx est tm2 ssse3 fma cx16 xtpr pdcm pcid sse4_1 sse4_2 movbe popcnt tsc_deadline_timer aes xsave avx f16c rdrand lahf_lm abm ida arat epb xsaveopt pln pts dtherm tpr_shadow vnmi flexpriority ept vpid fsgsbase tsc_adjust bmi1 avx2 smep bmi2 erms invpcid
bogomips	: 4789.08
clflush size	: 64
cache_alignment	: 64
address sizes	: 39 bits physical, 48 bits virtual
power management:



Memory: 4k page, physical 3953588k(103444k free), swap 1951740k(124k free)

vm_info: Java HotSpot(TM) 64-Bit Server VM (25.101-b13) for linux-amd64 JRE (1.8.0_101-b13), built on Jun 22 2016 02:59:44 by "java_re" with gcc 4.3.0 20080428 (Red Hat 4.3.0-8)

time: Thu Oct  6 16:45:48 2016
elapsed time: 88 seconds (0d 0h 1m 28s)

